2023-03-23 15:42:19.141 [info] Extension host with pid 90 started
2023-03-23 15:42:19.149 [info] Lock '/root/capsule/code/.vscode/User/workspaceStorage/-b8cdb6d/vscode.lock': Lock acquired.
2023-03-23 15:42:19.440 [info] ExtensionService#_doActivateExtension vscode.git-base, startup: true, activationEvent: '*'
2023-03-23 15:42:19.538 [info] ExtensionService#_doActivateExtension vscode.github, startup: true, activationEvent: '*'
2023-03-23 15:42:19.643 [info] ExtensionService#_doActivateExtension vscode.debug-auto-launch, startup: false, activationEvent: 'onStartupFinished'
2023-03-23 15:42:19.643 [info] ExtensionService#_doActivateExtension vscode.emmet, startup: false, activationEvent: 'onStartupFinished'
2023-03-23 15:42:19.643 [info] ExtensionService#_doActivateExtension vscode.merge-conflict, startup: false, activationEvent: 'onStartupFinished'
2023-03-23 15:42:19.644 [info] Eager extensions activated
2023-03-23 15:42:20.458 [info] ExtensionService#_doActivateExtension vscode.git, startup: false, activationEvent: 'api', root cause: vscode.github
2023-03-23 15:42:22.918 [info] ExtensionService#_doActivateExtension vscode.configuration-editing, startup: false, activationEvent: 'onLanguage:jsonc'
2023-03-23 15:42:22.918 [info] ExtensionService#_doActivateExtension vscode.json-language-features, startup: false, activationEvent: 'onLanguage:jsonc'
2023-03-23 15:42:22.919 [info] ExtensionService#_doActivateExtension vscode.typescript-language-features, startup: false, activationEvent: 'onLanguage:jsonc'
2023-03-23 15:43:45.966 [info] ExtensionService#_doActivateExtension vscode.debug-server-ready, startup: false, activationEvent: 'onDebugResolve'
2023-03-23 15:44:06.362 [info] ExtensionService#_doActivateExtension ms-toolsai.jupyter, startup: false, activationEvent: 'onLanguage:python'
2023-03-23 15:44:06.363 [info] ExtensionService#_doActivateExtension ms-python.python, startup: false, activationEvent: 'onLanguage:python'
2023-03-23 15:44:07.347 [info] ExtensionService#_doActivateExtension ms-toolsai.jupyter-renderers, startup: false, activationEvent: 'api', root cause: ms-toolsai.jupyter
2023-03-23 15:44:07.742 [info] ExtensionService#_doActivateExtension ms-python.isort, startup: false, activationEvent: 'onLanguage:python'
2023-03-23 15:44:14.221 [info] ExtensionService#_doActivateExtension vscode.ipynb, startup: false, activationEvent: 'onCommand:ipynb.newUntitledIpynb'
2023-03-23 15:44:14.857 [info] ExtensionService#_doActivateExtension ms-toolsai.vscode-jupyter-cell-tags, startup: false, activationEvent: 'onNotebook:jupyter-notebook'
2023-03-23 15:44:14.858 [info] ExtensionService#_doActivateExtension ms-toolsai.vscode-jupyter-slideshow, startup: false, activationEvent: 'onNotebook:jupyter-notebook'
2023-03-23 15:44:27.873 [error] Error: write after end
	at new NodeError (node:internal/errors:387:5)
	at _write (node:internal/streams/writable:321:11)
	at Socket.Writable.write (node:internal/streams/writable:336:10)
	at /.vscode/extensions/ms-python.isort-2022.8.0-universal/dist/extension.js:1:127453
	at new Promise (<anonymous>)
	at u.write (/.vscode/extensions/ms-python.isort-2022.8.0-universal/dist/extension.js:1:127371)
	at m.doWrite (/.vscode/extensions/ms-python.isort-2022.8.0-universal/dist/extension.js:1:116975)
	at /.vscode/extensions/ms-python.isort-2022.8.0-universal/dist/extension.js:1:116870
	at runNextTicks (node:internal/process/task_queues:61:5)
	at processImmediate (node:internal/timers:437:9)
2023-03-23 15:44:36.797 [info] ExtensionService#_doActivateExtension vscode.extension-editing, startup: false, activationEvent: 'onLanguage:markdown'
2023-03-23 15:44:36.797 [info] ExtensionService#_doActivateExtension vscode.markdown-language-features, startup: false, activationEvent: 'onLanguage:markdown'
2023-03-23 15:48:15.045 [error] Error: notebook controller is NOT associated to notebook: vscode-interactive:Interactive-1.interactive
	at Object.createNotebookCellExecution (/.code-server/code-server-4.9.0-linux-amd64/lib/vscode/out/vs/workbench/api/node/extensionHostProcess.js:94:105902)
	at Function.create (/.vscode/extensions/ms-toolsai.jupyter-2022.10.110-universal/out/extension.node.js:2:199668)
	at Function.getOrCreate (/.vscode/extensions/ms-toolsai.jupyter-2022.10.110-universal/out/extension.node.js:2:199539)
	at new v (/.vscode/extensions/ms-toolsai.jupyter-2022.10.110-universal/out/extension.node.js:2:192574)
	at Function.fromCell (/.vscode/extensions/ms-toolsai.jupyter-2022.10.110-universal/out/extension.node.js:2:192844)
	at t.CellExecutionFactory.create (/.vscode/extensions/ms-toolsai.jupyter-2022.10.110-universal/out/extension.node.js:2:191662)
	at t.CellExecutionQueue.queueCell (/.vscode/extensions/ms-toolsai.jupyter-2022.10.110-universal/out/extension.node.js:2:218567)
	at t.KernelExecution.executeCell (/.vscode/extensions/ms-toolsai.jupyter-2022.10.110-universal/out/extension.node.js:2:237899)
2023-03-23 15:48:38.261 [error] Error: notebook controller is NOT associated to notebook: vscode-interactive:Interactive-1.interactive
	at Object.createNotebookCellExecution (/.code-server/code-server-4.9.0-linux-amd64/lib/vscode/out/vs/workbench/api/node/extensionHostProcess.js:94:105902)
	at Function.create (/.vscode/extensions/ms-toolsai.jupyter-2022.10.110-universal/out/extension.node.js:2:199668)
	at Function.getOrCreate (/.vscode/extensions/ms-toolsai.jupyter-2022.10.110-universal/out/extension.node.js:2:199539)
	at new v (/.vscode/extensions/ms-toolsai.jupyter-2022.10.110-universal/out/extension.node.js:2:192574)
	at Function.fromCell (/.vscode/extensions/ms-toolsai.jupyter-2022.10.110-universal/out/extension.node.js:2:192844)
	at t.CellExecutionFactory.create (/.vscode/extensions/ms-toolsai.jupyter-2022.10.110-universal/out/extension.node.js:2:191662)
	at t.CellExecutionQueue.queueCell (/.vscode/extensions/ms-toolsai.jupyter-2022.10.110-universal/out/extension.node.js:2:218567)
	at t.KernelExecution.executeCell (/.vscode/extensions/ms-toolsai.jupyter-2022.10.110-universal/out/extension.node.js:2:237899)
2023-03-23 15:48:48.356 [error] Error: Failed to request creation of interactive window from VS Code.
	at P.createEditor (/.vscode/extensions/ms-toolsai.jupyter-2022.10.110-universal/out/extension.node.js:2:133436)
	at async P.create (/.vscode/extensions/ms-toolsai.jupyter-2022.10.110-universal/out/extension.node.js:2:132654)
	at async P.getOrCreate (/.vscode/extensions/ms-toolsai.jupyter-2022.10.110-universal/out/extension.node.js:2:132037)
	at async E.runMatchingCell (/.vscode/extensions/ms-toolsai.jupyter-2022.10.110-universal/out/extension.node.js:2:89296) jupyter.runcell {"value":"ms-toolsai.jupyter","_lower":"ms-toolsai.jupyter"}
2023-03-23 15:48:48.356 [error] Error: Failed to request creation of interactive window from VS Code.
	at P.createEditor (/.vscode/extensions/ms-toolsai.jupyter-2022.10.110-universal/out/extension.node.js:2:133436)
	at async P.create (/.vscode/extensions/ms-toolsai.jupyter-2022.10.110-universal/out/extension.node.js:2:132654)
	at async P.getOrCreate (/.vscode/extensions/ms-toolsai.jupyter-2022.10.110-universal/out/extension.node.js:2:132037)
	at async E.runMatchingCell (/.vscode/extensions/ms-toolsai.jupyter-2022.10.110-universal/out/extension.node.js:2:89296) jupyter.runcell undefined
2023-03-23 15:49:11.854 [info] Extension host terminating: received terminate message from renderer
2023-03-23 15:49:11.854 [info] Lock '/root/capsule/code/.vscode/User/workspaceStorage/-b8cdb6d/vscode.lock': Marking the lockfile as scheduled to be released in 6000 ms.
2023-03-23 15:49:11.917 [info] Extension host with pid 90 exiting with code 0
