2023-03-23 16:17:22.711 [info] Validating found git in: git
2023-03-23 16:17:22.711 [info] Using git 2.25.1 from git
2023-03-23 16:17:22.711 [info] > git rev-parse --show-toplevel [27ms]
2023-03-23 16:17:22.711 [info] > git rev-parse --git-dir --git-common-dir [6ms]
2023-03-23 16:17:22.711 [info] Log level: Info
2023-03-23 16:17:22.711 [info] Open repository: /root/capsule
2023-03-23 16:17:22.711 [info] > git status -z -uall [10ms]
2023-03-23 16:17:22.711 [info] > git rev-parse --show-toplevel [6ms]
2023-03-23 16:17:22.711 [info] > git remote --verbose [21ms]
2023-03-23 16:17:22.711 [info] > git for-each-ref --sort -committerdate --format %(refname) %(objectname) %(*objectname) [26ms]
2023-03-23 16:17:22.711 [info] > git rev-parse --show-toplevel [3ms]
2023-03-23 16:17:22.711 [info] > git config --get commit.template [15ms]
2023-03-23 16:17:22.711 [info] > git rev-parse --show-toplevel [2ms]
2023-03-23 16:17:22.711 [info] > git rev-parse --show-toplevel [5ms]
2023-03-23 16:17:22.711 [info] > git for-each-ref --format=%(refname)%00%(upstream:short)%00%(objectname)%00%(upstream:track)%00%(upstream:remotename)%00%(upstream:remoteref) refs/heads/main refs/remotes/main [3ms]
2023-03-23 16:17:22.711 [info] > git status -z -uall [5ms]
2023-03-23 16:17:22.711 [info] > git remote --verbose [9ms]
2023-03-23 16:17:22.711 [info] > git for-each-ref --sort -committerdate --format %(refname) %(objectname) %(*objectname) [13ms]
2023-03-23 16:17:22.711 [info] > git config --get commit.template [3ms]
2023-03-23 16:17:22.711 [info] > git for-each-ref --format=%(refname)%00%(upstream:short)%00%(objectname)%00%(upstream:track)%00%(upstream:remotename)%00%(upstream:remoteref) refs/heads/main refs/remotes/main [1ms]
2023-03-23 16:17:22.711 [info] > git check-ignore -v -z --stdin [1ms]
2023-03-23 16:17:24.712 [info] > git check-ignore -v -z --stdin [2ms]
2023-03-23 16:17:30.009 [info] > git status -z -uall [5ms]
2023-03-23 16:17:30.010 [info] > git remote --verbose [9ms]
2023-03-23 16:17:30.010 [info] > git for-each-ref --sort -committerdate --format %(refname) %(objectname) %(*objectname) [14ms]
2023-03-23 16:17:30.012 [info] > git config --get commit.template [3ms]
2023-03-23 16:17:30.018 [info] > git for-each-ref --format=%(refname)%00%(upstream:short)%00%(objectname)%00%(upstream:track)%00%(upstream:remotename)%00%(upstream:remoteref) refs/heads/main refs/remotes/main [1ms]
2023-03-23 16:17:35.038 [info] > git status -z -uall [4ms]
2023-03-23 16:17:35.039 [info] > git remote --verbose [8ms]
2023-03-23 16:17:35.039 [info] > git for-each-ref --sort -committerdate --format %(refname) %(objectname) %(*objectname) [12ms]
2023-03-23 16:17:35.041 [info] > git config --get commit.template [3ms]
2023-03-23 16:17:35.046 [info] > git for-each-ref --format=%(refname)%00%(upstream:short)%00%(objectname)%00%(upstream:track)%00%(upstream:remotename)%00%(upstream:remoteref) refs/heads/main refs/remotes/main [2ms]
2023-03-23 16:17:40.064 [info] > git status -z -uall [4ms]
2023-03-23 16:17:40.065 [info] > git remote --verbose [7ms]
2023-03-23 16:17:40.065 [info] > git for-each-ref --sort -committerdate --format %(refname) %(objectname) %(*objectname) [11ms]
2023-03-23 16:17:40.066 [info] > git config --get commit.template [2ms]
2023-03-23 16:17:40.072 [info] > git for-each-ref --format=%(refname)%00%(upstream:short)%00%(objectname)%00%(upstream:track)%00%(upstream:remotename)%00%(upstream:remoteref) refs/heads/main refs/remotes/main [1ms]
2023-03-23 16:17:45.091 [info] > git status -z -uall [4ms]
2023-03-23 16:17:45.092 [info] > git remote --verbose [8ms]
2023-03-23 16:17:45.092 [info] > git for-each-ref --sort -committerdate --format %(refname) %(objectname) %(*objectname) [12ms]
2023-03-23 16:17:45.094 [info] > git config --get commit.template [4ms]
2023-03-23 16:17:45.099 [info] > git for-each-ref --format=%(refname)%00%(upstream:short)%00%(objectname)%00%(upstream:track)%00%(upstream:remotename)%00%(upstream:remoteref) refs/heads/main refs/remotes/main [1ms]
2023-03-23 16:17:50.117 [info] > git status -z -uall [4ms]
2023-03-23 16:17:50.118 [info] > git remote --verbose [7ms]
2023-03-23 16:17:50.118 [info] > git for-each-ref --sort -committerdate --format %(refname) %(objectname) %(*objectname) [12ms]
2023-03-23 16:17:50.119 [info] > git config --get commit.template [2ms]
2023-03-23 16:17:50.125 [info] > git for-each-ref --format=%(refname)%00%(upstream:short)%00%(objectname)%00%(upstream:track)%00%(upstream:remotename)%00%(upstream:remoteref) refs/heads/main refs/remotes/main [1ms]
2023-03-23 16:17:55.144 [info] > git status -z -uall [4ms]
2023-03-23 16:17:55.145 [info] > git remote --verbose [8ms]
2023-03-23 16:17:55.145 [info] > git for-each-ref --sort -committerdate --format %(refname) %(objectname) %(*objectname) [12ms]
2023-03-23 16:17:55.146 [info] > git config --get commit.template [2ms]
2023-03-23 16:17:55.151 [info] > git for-each-ref --format=%(refname)%00%(upstream:short)%00%(objectname)%00%(upstream:track)%00%(upstream:remotename)%00%(upstream:remoteref) refs/heads/main refs/remotes/main [1ms]
2023-03-23 16:18:00.170 [info] > git status -z -uall [5ms]
2023-03-23 16:18:00.171 [info] > git remote --verbose [8ms]
2023-03-23 16:18:00.171 [info] > git for-each-ref --sort -committerdate --format %(refname) %(objectname) %(*objectname) [12ms]
2023-03-23 16:18:00.172 [info] > git config --get commit.template [3ms]
2023-03-23 16:18:00.178 [info] > git for-each-ref --format=%(refname)%00%(upstream:short)%00%(objectname)%00%(upstream:track)%00%(upstream:remotename)%00%(upstream:remoteref) refs/heads/main refs/remotes/main [1ms]
