Name: isort
Module: isort
Python extension loading
Waiting for interpreter from python extension.
Python extension loaded
CWD Server: /root/capsule
sys.path used to run Server:
   /.vscode/extensions/ms-python.isort-2022.8.0-universal/bundled/libs
   /.vscode/extensions/ms-python.isort-2022.8.0-universal/bundled/tool
   /opt/conda/lib/python39.zip
   /opt/conda/lib/python3.9
   /opt/conda/lib/python3.9/lib-dynload
   /opt/conda/lib/python3.9/site-packages
Settings used to run Server:
[
    {
        "check": false,
        "workspace": "file:///root/capsule",
        "logLevel": "error",
        "args": [],
        "severity": {
            "W": "Warning",
            "E": "Hint"
        },
        "path": [],
        "interpreter": [
            "/opt/conda/bin/python"
        ],
        "importStrategy": "useBundled",
        "showNotifications": "off"
    }
]

/opt/conda/bin/python -m isort --version-number
CWD Linter: /root/capsule
Version info for isort running for /root/capsule:
5.10.1

SUPPORTED isort>=5.10.1
FOUND isort==5.10.1

CWD Server: /root/capsule
sys.path used to run Server:
   /.vscode/extensions/ms-python.isort-2022.8.0-universal/bundled/libs
   /.vscode/extensions/ms-python.isort-2022.8.0-universal/bundled/tool
   /opt/conda/lib/python39.zip
   /opt/conda/lib/python3.9
   /opt/conda/lib/python3.9/lib-dynload
   /opt/conda/lib/python3.9/site-packages
Settings used to run Server:
[
    {
        "check": false,
        "workspace": "file:///root/capsule",
        "logLevel": "error",
        "args": [],
        "severity": {
            "W": "Warning",
            "E": "Hint"
        },
        "path": [],
        "interpreter": [
            "/opt/conda/bin/python"
        ],
        "importStrategy": "useBundled",
        "showNotifications": "off"
    }
]

/opt/conda/bin/python -m isort --version-number
CWD Linter: /root/capsule
Version info for isort running for /root/capsule:
5.10.1

SUPPORTED isort>=5.10.1
FOUND isort==5.10.1

