2023-03-24 07:46:44.612 [info] Validating found git in: git
2023-03-24 07:46:44.612 [info] Using git 2.25.1 from git
2023-03-24 07:46:44.612 [info] > git rev-parse --show-toplevel [39ms]
2023-03-24 07:46:44.612 [info] > git rev-parse --git-dir --git-common-dir [10ms]
2023-03-24 07:46:44.612 [info] Log level: Info
2023-03-24 07:46:44.612 [info] Open repository: /root/capsule
2023-03-24 07:46:44.612 [info] > git remote --verbose [20ms]
2023-03-24 07:46:44.612 [info] > git for-each-ref --sort -committerdate --format %(refname) %(objectname) %(*objectname) [29ms]
2023-03-24 07:46:44.612 [info] > git config --get commit.template [4ms]
2023-03-24 07:46:44.612 [info] > git rev-parse --show-toplevel [12ms]
2023-03-24 07:46:44.612 [info] > git rev-parse --show-toplevel [6ms]
2023-03-24 07:46:44.612 [info] > git for-each-ref --format=%(refname)%00%(upstream:short)%00%(objectname)%00%(upstream:track)%00%(upstream:remotename)%00%(upstream:remoteref) refs/heads/main refs/remotes/main [7ms]
2023-03-24 07:46:44.612 [info] > git rev-parse --show-toplevel [2ms]
2023-03-24 07:46:44.612 [info] > git rev-parse --show-toplevel [1ms]
2023-03-24 07:46:44.612 [info] > git status -z -uall [74ms]
2023-03-24 07:46:44.612 [info] > git remote --verbose [8ms]
2023-03-24 07:46:44.612 [info] > git for-each-ref --sort -committerdate --format %(refname) %(objectname) %(*objectname) [13ms]
2023-03-24 07:46:44.612 [info] > git config --get commit.template [2ms]
2023-03-24 07:46:44.612 [info] > git for-each-ref --format=%(refname)%00%(upstream:short)%00%(objectname)%00%(upstream:track)%00%(upstream:remotename)%00%(upstream:remoteref) refs/heads/main refs/remotes/main [1ms]
2023-03-24 07:46:44.612 [info] > git status -z -uall [44ms]
2023-03-24 07:46:44.612 [info] > git check-ignore -v -z --stdin [2ms]
2023-03-24 07:48:00.027 [info] > git remote --verbose [9ms]
2023-03-24 07:48:00.028 [info] > git for-each-ref --sort -committerdate --format %(refname) %(objectname) %(*objectname) [14ms]
2023-03-24 07:48:00.029 [info] > git config --get commit.template [4ms]
2023-03-24 07:48:00.035 [info] > git for-each-ref --format=%(refname)%00%(upstream:short)%00%(objectname)%00%(upstream:track)%00%(upstream:remotename)%00%(upstream:remoteref) refs/heads/main refs/remotes/main [2ms]
2023-03-24 07:48:00.057 [info] > git status -z -uall [37ms]
2023-03-24 07:48:05.083 [info] > git remote --verbose [10ms]
2023-03-24 07:48:05.084 [info] > git for-each-ref --sort -committerdate --format %(refname) %(objectname) %(*objectname) [15ms]
2023-03-24 07:48:05.085 [info] > git config --get commit.template [2ms]
2023-03-24 07:48:05.092 [info] > git for-each-ref --format=%(refname)%00%(upstream:short)%00%(objectname)%00%(upstream:track)%00%(upstream:remotename)%00%(upstream:remoteref) refs/heads/main refs/remotes/main [2ms]
2023-03-24 07:48:05.142 [info] > git status -z -uall [64ms]
2023-03-24 07:48:10.163 [info] > git remote --verbose [8ms]
2023-03-24 07:48:10.164 [info] > git for-each-ref --sort -committerdate --format %(refname) %(objectname) %(*objectname) [13ms]
2023-03-24 07:48:10.165 [info] > git config --get commit.template [2ms]
2023-03-24 07:48:10.171 [info] > git for-each-ref --format=%(refname)%00%(upstream:short)%00%(objectname)%00%(upstream:track)%00%(upstream:remotename)%00%(upstream:remoteref) refs/heads/main refs/remotes/main [1ms]
2023-03-24 07:48:10.194 [info] > git status -z -uall [37ms]
2023-03-24 07:48:10.368 [info] > git check-ignore -v -z --stdin [1ms]
2023-03-24 07:48:15.217 [info] > git remote --verbose [9ms]
2023-03-24 07:48:15.218 [info] > git for-each-ref --sort -committerdate --format %(refname) %(objectname) %(*objectname) [14ms]
2023-03-24 07:48:15.221 [info] > git config --get commit.template [5ms]
2023-03-24 07:48:15.226 [info] > git for-each-ref --format=%(refname)%00%(upstream:short)%00%(objectname)%00%(upstream:track)%00%(upstream:remotename)%00%(upstream:remoteref) refs/heads/main refs/remotes/main [1ms]
2023-03-24 07:48:15.248 [info] > git status -z -uall [37ms]
2023-03-24 07:48:15.835 [info] > git check-ignore -v -z --stdin [2ms]
2023-03-24 07:48:17.805 [info] > git check-ignore -v -z --stdin [1ms]
2023-03-24 07:48:19.009 [info] > git show --textconv :code/Original/Burgers/map.py [5ms]
2023-03-24 07:48:19.012 [info] > git ls-files --stage -- /root/capsule/code/Original/Burgers/map.py [1ms]
2023-03-24 07:48:19.019 [info] > git cat-file -s 2751a21a16edd209129a18106e9012548f741d94 [2ms]
2023-03-24 07:48:20.270 [info] > git remote --verbose [8ms]
2023-03-24 07:48:20.271 [info] > git for-each-ref --sort -committerdate --format %(refname) %(objectname) %(*objectname) [13ms]
2023-03-24 07:48:20.272 [info] > git config --get commit.template [3ms]
2023-03-24 07:48:20.277 [info] > git for-each-ref --format=%(refname)%00%(upstream:short)%00%(objectname)%00%(upstream:track)%00%(upstream:remotename)%00%(upstream:remoteref) refs/heads/main refs/remotes/main [1ms]
2023-03-24 07:48:20.302 [info] > git status -z -uall [38ms]
2023-03-24 07:48:25.320 [info] > git remote --verbose [7ms]
2023-03-24 07:48:25.320 [info] > git for-each-ref --sort -committerdate --format %(refname) %(objectname) %(*objectname) [11ms]
2023-03-24 07:48:25.321 [info] > git config --get commit.template [2ms]
2023-03-24 07:48:25.326 [info] > git for-each-ref --format=%(refname)%00%(upstream:short)%00%(objectname)%00%(upstream:track)%00%(upstream:remotename)%00%(upstream:remoteref) refs/heads/main refs/remotes/main [1ms]
2023-03-24 07:48:25.353 [info] > git status -z -uall [38ms]
2023-03-24 07:48:30.371 [info] > git remote --verbose [7ms]
2023-03-24 07:48:30.371 [info] > git for-each-ref --sort -committerdate --format %(refname) %(objectname) %(*objectname) [11ms]
2023-03-24 07:48:30.372 [info] > git config --get commit.template [1ms]
2023-03-24 07:48:30.376 [info] > git for-each-ref --format=%(refname)%00%(upstream:short)%00%(objectname)%00%(upstream:track)%00%(upstream:remotename)%00%(upstream:remoteref) refs/heads/main refs/remotes/main [1ms]
2023-03-24 07:48:30.403 [info] > git status -z -uall [37ms]
2023-03-24 07:48:35.423 [info] > git remote --verbose [7ms]
2023-03-24 07:48:35.423 [info] > git for-each-ref --sort -committerdate --format %(refname) %(objectname) %(*objectname) [11ms]
2023-03-24 07:48:35.424 [info] > git config --get commit.template [2ms]
2023-03-24 07:48:35.429 [info] > git for-each-ref --format=%(refname)%00%(upstream:short)%00%(objectname)%00%(upstream:track)%00%(upstream:remotename)%00%(upstream:remoteref) refs/heads/main refs/remotes/main [1ms]
2023-03-24 07:48:35.455 [info] > git status -z -uall [37ms]
2023-03-24 07:48:40.480 [info] > git remote --verbose [10ms]
2023-03-24 07:48:40.480 [info] > git for-each-ref --sort -committerdate --format %(refname) %(objectname) %(*objectname) [14ms]
2023-03-24 07:48:40.482 [info] > git config --get commit.template [3ms]
2023-03-24 07:48:40.486 [info] > git for-each-ref --format=%(refname)%00%(upstream:short)%00%(objectname)%00%(upstream:track)%00%(upstream:remotename)%00%(upstream:remoteref) refs/heads/main refs/remotes/main [1ms]
2023-03-24 07:48:40.509 [info] > git status -z -uall [35ms]
2023-03-24 07:48:45.529 [info] > git remote --verbose [7ms]
2023-03-24 07:48:45.529 [info] > git for-each-ref --sort -committerdate --format %(refname) %(objectname) %(*objectname) [12ms]
2023-03-24 07:48:45.530 [info] > git config --get commit.template [2ms]
2023-03-24 07:48:45.535 [info] > git for-each-ref --format=%(refname)%00%(upstream:short)%00%(objectname)%00%(upstream:track)%00%(upstream:remotename)%00%(upstream:remoteref) refs/heads/main refs/remotes/main [1ms]
2023-03-24 07:48:45.561 [info] > git status -z -uall [37ms]
2023-03-24 07:48:50.578 [info] > git remote --verbose [8ms]
2023-03-24 07:48:50.579 [info] > git for-each-ref --sort -committerdate --format %(refname) %(objectname) %(*objectname) [11ms]
2023-03-24 07:48:50.579 [info] > git config --get commit.template [2ms]
2023-03-24 07:48:50.584 [info] > git for-each-ref --format=%(refname)%00%(upstream:short)%00%(objectname)%00%(upstream:track)%00%(upstream:remotename)%00%(upstream:remoteref) refs/heads/main refs/remotes/main [1ms]
2023-03-24 07:48:50.610 [info] > git status -z -uall [36ms]
2023-03-24 07:48:57.244 [info] > git remote --verbose [7ms]
2023-03-24 07:48:57.245 [info] > git for-each-ref --sort -committerdate --format %(refname) %(objectname) %(*objectname) [12ms]
2023-03-24 07:48:57.245 [info] > git config --get commit.template [2ms]
2023-03-24 07:48:57.250 [info] > git for-each-ref --format=%(refname)%00%(upstream:short)%00%(objectname)%00%(upstream:track)%00%(upstream:remotename)%00%(upstream:remoteref) refs/heads/main refs/remotes/main [1ms]
2023-03-24 07:48:57.276 [info] > git status -z -uall [37ms]
2023-03-24 07:49:03.064 [info] > git show --textconv :code/Original/Burgers/map.py [9ms]
2023-03-24 07:49:03.066 [info] > git ls-files --stage -- /root/capsule/code/Original/Burgers/map.py [2ms]
2023-03-24 07:49:03.075 [info] > git cat-file -s 2751a21a16edd209129a18106e9012548f741d94 [1ms]
2023-03-24 07:49:05.530 [info] > git remote --verbose [18ms]
2023-03-24 07:49:05.530 [info] > git for-each-ref --sort -committerdate --format %(refname) %(objectname) %(*objectname) [27ms]
2023-03-24 07:49:05.531 [info] > git config --get commit.template [1ms]
2023-03-24 07:49:05.542 [info] > git for-each-ref --format=%(refname)%00%(upstream:short)%00%(objectname)%00%(upstream:track)%00%(upstream:remotename)%00%(upstream:remoteref) refs/heads/main refs/remotes/main [1ms]
2023-03-24 07:49:05.556 [info] > git status -z -uall [36ms]
2023-03-24 07:49:10.634 [info] > git remote --verbose [34ms]
2023-03-24 07:49:10.635 [info] > git for-each-ref --sort -committerdate --format %(refname) %(objectname) %(*objectname) [50ms]
2023-03-24 07:49:10.650 [info] > git config --get commit.template [1ms]
2023-03-24 07:49:10.679 [info] > git for-each-ref --format=%(refname)%00%(upstream:short)%00%(objectname)%00%(upstream:track)%00%(upstream:remotename)%00%(upstream:remoteref) refs/heads/main refs/remotes/main [2ms]
2023-03-24 07:49:10.818 [info] > git status -z -uall [185ms]
2023-03-24 07:49:10.818 [info] > git check-ignore -v -z --stdin [40ms]
2023-03-24 07:49:15.901 [info] > git for-each-ref --sort -committerdate --format %(refname) %(objectname) %(*objectname) [56ms]
2023-03-24 07:49:15.902 [info] > git remote --verbose [43ms]
2023-03-24 07:49:15.929 [info] > git config --get commit.template [28ms]
2023-03-24 07:49:15.944 [info] > git for-each-ref --format=%(refname)%00%(upstream:short)%00%(objectname)%00%(upstream:track)%00%(upstream:remotename)%00%(upstream:remoteref) refs/heads/main refs/remotes/main [16ms]
2023-03-24 07:49:15.986 [info] > git status -z -uall [105ms]
2023-03-24 07:49:21.129 [info] > git remote --verbose [77ms]
2023-03-24 07:49:21.129 [info] > git for-each-ref --sort -committerdate --format %(refname) %(objectname) %(*objectname) [107ms]
2023-03-24 07:49:21.130 [info] > git config --get commit.template [3ms]
2023-03-24 07:49:21.163 [info] > git for-each-ref --format=%(refname)%00%(upstream:short)%00%(objectname)%00%(upstream:track)%00%(upstream:remotename)%00%(upstream:remoteref) refs/heads/main refs/remotes/main [4ms]
2023-03-24 07:49:21.230 [info] > git status -z -uall [148ms]
2023-03-24 07:49:26.315 [info] > git remote --verbose [37ms]
2023-03-24 07:49:26.316 [info] > git for-each-ref --sort -committerdate --format %(refname) %(objectname) %(*objectname) [62ms]
2023-03-24 07:49:26.392 [info] > git config --get commit.template [42ms]
2023-03-24 07:49:26.392 [info] > git for-each-ref --format=%(refname)%00%(upstream:short)%00%(objectname)%00%(upstream:track)%00%(upstream:remotename)%00%(upstream:remoteref) refs/heads/main refs/remotes/main [3ms]
2023-03-24 07:49:26.513 [info] > git status -z -uall [200ms]
2023-03-24 07:49:31.597 [info] > git remote --verbose [39ms]
2023-03-24 07:49:31.597 [info] > git for-each-ref --sort -committerdate --format %(refname) %(objectname) %(*objectname) [64ms]
2023-03-24 07:49:31.598 [info] > git config --get commit.template [3ms]
2023-03-24 07:49:31.626 [info] > git for-each-ref --format=%(refname)%00%(upstream:short)%00%(objectname)%00%(upstream:track)%00%(upstream:remotename)%00%(upstream:remoteref) refs/heads/main refs/remotes/main [3ms]
2023-03-24 07:49:31.748 [info] > git status -z -uall [176ms]
2023-03-24 07:49:36.838 [info] > git remote --verbose [21ms]
2023-03-24 07:49:36.839 [info] > git for-each-ref --sort -committerdate --format %(refname) %(objectname) %(*objectname) [53ms]
2023-03-24 07:49:36.895 [info] > git config --get commit.template [26ms]
2023-03-24 07:49:36.899 [info] > git for-each-ref --format=%(refname)%00%(upstream:short)%00%(objectname)%00%(upstream:track)%00%(upstream:remotename)%00%(upstream:remoteref) refs/heads/main refs/remotes/main [4ms]
2023-03-24 07:49:36.976 [info] > git status -z -uall [141ms]
2023-03-24 07:49:42.123 [info] > git remote --verbose [53ms]
2023-03-24 07:49:42.124 [info] > git for-each-ref --sort -committerdate --format %(refname) %(objectname) %(*objectname) [71ms]
2023-03-24 07:49:42.125 [info] > git config --get commit.template [5ms]
2023-03-24 07:49:42.163 [info] > git for-each-ref --format=%(refname)%00%(upstream:short)%00%(objectname)%00%(upstream:track)%00%(upstream:remotename)%00%(upstream:remoteref) refs/heads/main refs/remotes/main [23ms]
2023-03-24 07:49:42.229 [info] > git status -z -uall [129ms]
2023-03-24 07:49:47.384 [info] > git remote --verbose [56ms]
2023-03-24 07:49:47.385 [info] > git for-each-ref --sort -committerdate --format %(refname) %(objectname) %(*objectname) [117ms]
2023-03-24 07:49:47.386 [info] > git config --get commit.template [2ms]
2023-03-24 07:49:47.420 [info] > git for-each-ref --format=%(refname)%00%(upstream:short)%00%(objectname)%00%(upstream:track)%00%(upstream:remotename)%00%(upstream:remoteref) refs/heads/main refs/remotes/main [19ms]
2023-03-24 07:49:47.502 [info] > git status -z -uall [146ms]
2023-03-24 07:49:52.567 [info] > git for-each-ref --sort -committerdate --format %(refname) %(objectname) %(*objectname) [45ms]
2023-03-24 07:49:52.567 [info] > git remote --verbose [23ms]
2023-03-24 07:49:52.621 [info] > git config --get commit.template [19ms]
2023-03-24 07:49:52.621 [info] > git for-each-ref --format=%(refname)%00%(upstream:short)%00%(objectname)%00%(upstream:track)%00%(upstream:remotename)%00%(upstream:remoteref) refs/heads/main refs/remotes/main [2ms]
2023-03-24 07:49:52.665 [info] > git status -z -uall [101ms]
2023-03-24 07:49:57.777 [info] > git remote --verbose [52ms]
2023-03-24 07:49:57.778 [info] > git for-each-ref --sort -committerdate --format %(refname) %(objectname) %(*objectname) [86ms]
2023-03-24 07:49:57.780 [info] > git config --get commit.template [6ms]
2023-03-24 07:49:57.809 [info] > git for-each-ref --format=%(refname)%00%(upstream:short)%00%(objectname)%00%(upstream:track)%00%(upstream:remotename)%00%(upstream:remoteref) refs/heads/main refs/remotes/main [4ms]
2023-03-24 07:49:57.909 [info] > git status -z -uall [161ms]
2023-03-24 07:50:03.012 [info] > git remote --verbose [46ms]
2023-03-24 07:50:03.013 [info] > git for-each-ref --sort -committerdate --format %(refname) %(objectname) %(*objectname) [69ms]
2023-03-24 07:50:03.057 [info] > git config --get commit.template [45ms]
2023-03-24 07:50:03.060 [info] > git for-each-ref --format=%(refname)%00%(upstream:short)%00%(objectname)%00%(upstream:track)%00%(upstream:remotename)%00%(upstream:remoteref) refs/heads/main refs/remotes/main [3ms]
2023-03-24 07:50:03.136 [info] > git status -z -uall [153ms]
2023-03-24 07:50:08.208 [info] > git remote --verbose [33ms]
2023-03-24 07:50:08.208 [info] > git for-each-ref --sort -committerdate --format %(refname) %(objectname) %(*objectname) [55ms]
2023-03-24 07:50:08.209 [info] > git config --get commit.template [3ms]
2023-03-24 07:50:08.217 [info] > git for-each-ref --format=%(refname)%00%(upstream:short)%00%(objectname)%00%(upstream:track)%00%(upstream:remotename)%00%(upstream:remoteref) refs/heads/main refs/remotes/main [2ms]
2023-03-24 07:50:08.243 [info] > git status -z -uall [47ms]
2023-03-24 07:50:13.323 [info] > git remote --verbose [23ms]
2023-03-24 07:50:13.323 [info] > git for-each-ref --sort -committerdate --format %(refname) %(objectname) %(*objectname) [48ms]
2023-03-24 07:50:13.364 [info] > git config --get commit.template [22ms]
2023-03-24 07:50:13.364 [info] > git for-each-ref --format=%(refname)%00%(upstream:short)%00%(objectname)%00%(upstream:track)%00%(upstream:remotename)%00%(upstream:remoteref) refs/heads/main refs/remotes/main [1ms]
2023-03-24 07:50:13.510 [info] > git status -z -uall [191ms]
2023-03-24 07:50:18.582 [info] > git for-each-ref --sort -committerdate --format %(refname) %(objectname) %(*objectname) [53ms]
2023-03-24 07:50:18.583 [info] > git remote --verbose [42ms]
2023-03-24 07:50:18.608 [info] > git config --get commit.template [27ms]
2023-03-24 07:50:18.610 [info] > git for-each-ref --format=%(refname)%00%(upstream:short)%00%(objectname)%00%(upstream:track)%00%(upstream:remotename)%00%(upstream:remoteref) refs/heads/main refs/remotes/main [3ms]
2023-03-24 07:50:18.744 [info] > git status -z -uall [184ms]
2023-03-24 07:50:23.841 [info] > git remote --verbose [39ms]
2023-03-24 07:50:23.841 [info] > git for-each-ref --sort -committerdate --format %(refname) %(objectname) %(*objectname) [78ms]
2023-03-24 07:50:23.851 [info] > git config --get commit.template [11ms]
2023-03-24 07:50:23.857 [info] > git for-each-ref --format=%(refname)%00%(upstream:short)%00%(objectname)%00%(upstream:track)%00%(upstream:remotename)%00%(upstream:remoteref) refs/heads/main refs/remotes/main [7ms]
2023-03-24 07:50:23.986 [info] > git status -z -uall [166ms]
2023-03-24 07:50:29.057 [info] > git remote --verbose [22ms]
2023-03-24 07:50:29.058 [info] > git for-each-ref --sort -committerdate --format %(refname) %(objectname) %(*objectname) [51ms]
2023-03-24 07:50:29.089 [info] > git config --get commit.template [15ms]
2023-03-24 07:50:29.097 [info] > git for-each-ref --format=%(refname)%00%(upstream:short)%00%(objectname)%00%(upstream:track)%00%(upstream:remotename)%00%(upstream:remoteref) refs/heads/main refs/remotes/main [10ms]
2023-03-24 07:50:29.216 [info] > git status -z -uall [161ms]
2023-03-24 07:50:34.298 [info] > git for-each-ref --sort -committerdate --format %(refname) %(objectname) %(*objectname) [50ms]
2023-03-24 07:50:34.300 [info] > git config --get commit.template [3ms]
2023-03-24 07:50:34.300 [info] > git remote --verbose [33ms]
2023-03-24 07:50:34.330 [info] > git for-each-ref --format=%(refname)%00%(upstream:short)%00%(objectname)%00%(upstream:track)%00%(upstream:remotename)%00%(upstream:remoteref) refs/heads/main refs/remotes/main [1ms]
2023-03-24 07:50:34.512 [info] > git status -z -uall [229ms]
2023-03-24 07:50:39.578 [info] > git remote --verbose [16ms]
2023-03-24 07:50:39.579 [info] > git for-each-ref --sort -committerdate --format %(refname) %(objectname) %(*objectname) [43ms]
2023-03-24 07:50:39.614 [info] > git config --get commit.template [14ms]
2023-03-24 07:50:39.615 [info] > git for-each-ref --format=%(refname)%00%(upstream:short)%00%(objectname)%00%(upstream:track)%00%(upstream:remotename)%00%(upstream:remoteref) refs/heads/main refs/remotes/main [3ms]
2023-03-24 07:50:39.716 [info] > git status -z -uall [140ms]
2023-03-24 07:50:44.867 [info] > git remote --verbose [77ms]
2023-03-24 07:50:44.868 [info] > git for-each-ref --sort -committerdate --format %(refname) %(objectname) %(*objectname) [115ms]
2023-03-24 07:50:44.906 [info] > git config --get commit.template [41ms]
2023-03-24 07:50:44.923 [info] > git for-each-ref --format=%(refname)%00%(upstream:short)%00%(objectname)%00%(upstream:track)%00%(upstream:remotename)%00%(upstream:remoteref) refs/heads/main refs/remotes/main [18ms]
2023-03-24 07:50:44.964 [info] > git status -z -uall [140ms]
2023-03-24 07:50:50.042 [info] > git remote --verbose [32ms]
2023-03-24 07:50:50.042 [info] > git for-each-ref --sort -committerdate --format %(refname) %(objectname) %(*objectname) [50ms]
2023-03-24 07:50:50.123 [info] > git config --get commit.template [31ms]
2023-03-24 07:50:50.124 [info] > git for-each-ref --format=%(refname)%00%(upstream:short)%00%(objectname)%00%(upstream:track)%00%(upstream:remotename)%00%(upstream:remoteref) refs/heads/main refs/remotes/main [2ms]
2023-03-24 07:50:50.197 [info] > git status -z -uall [157ms]
2023-03-24 07:50:55.266 [info] > git remote --verbose [24ms]
2023-03-24 07:50:55.267 [info] > git for-each-ref --sort -committerdate --format %(refname) %(objectname) %(*objectname) [37ms]
2023-03-24 07:50:55.311 [info] > git config --get commit.template [16ms]
2023-03-24 07:50:55.313 [info] > git for-each-ref --format=%(refname)%00%(upstream:short)%00%(objectname)%00%(upstream:track)%00%(upstream:remotename)%00%(upstream:remoteref) refs/heads/main refs/remotes/main [3ms]
2023-03-24 07:50:55.433 [info] > git status -z -uall [169ms]
2023-03-24 07:51:00.554 [info] > git remote --verbose [76ms]
2023-03-24 07:51:00.555 [info] > git for-each-ref --sort -committerdate --format %(refname) %(objectname) %(*objectname) [100ms]
2023-03-24 07:51:00.573 [info] > git config --get commit.template [21ms]
2023-03-24 07:51:00.613 [info] > git status -z -uall [104ms]
2023-03-24 07:51:00.614 [info] > git for-each-ref --format=%(refname)%00%(upstream:short)%00%(objectname)%00%(upstream:track)%00%(upstream:remotename)%00%(upstream:remoteref) refs/heads/main refs/remotes/main [5ms]
2023-03-24 07:51:05.715 [info] > git remote --verbose [50ms]
2023-03-24 07:51:05.715 [info] > git for-each-ref --sort -committerdate --format %(refname) %(objectname) %(*objectname) [86ms]
2023-03-24 07:51:05.716 [info] > git config --get commit.template [3ms]
2023-03-24 07:51:05.735 [info] > git for-each-ref --format=%(refname)%00%(upstream:short)%00%(objectname)%00%(upstream:track)%00%(upstream:remotename)%00%(upstream:remoteref) refs/heads/main refs/remotes/main [2ms]
2023-03-24 07:51:05.830 [info] > git status -z -uall [137ms]
2023-03-24 07:51:10.928 [info] > git remote --verbose [46ms]
2023-03-24 07:51:10.928 [info] > git for-each-ref --sort -committerdate --format %(refname) %(objectname) %(*objectname) [60ms]
2023-03-24 07:51:10.929 [info] > git config --get commit.template [4ms]
2023-03-24 07:51:10.955 [info] > git for-each-ref --format=%(refname)%00%(upstream:short)%00%(objectname)%00%(upstream:track)%00%(upstream:remotename)%00%(upstream:remoteref) refs/heads/main refs/remotes/main [2ms]
2023-03-24 07:51:11.023 [info] > git status -z -uall [123ms]
2023-03-24 07:51:16.141 [info] > git remote --verbose [20ms]
2023-03-24 07:51:16.142 [info] > git for-each-ref --sort -committerdate --format %(refname) %(objectname) %(*objectname) [91ms]
2023-03-24 07:51:16.182 [info] > git config --get commit.template [21ms]
2023-03-24 07:51:16.183 [info] > git for-each-ref --format=%(refname)%00%(upstream:short)%00%(objectname)%00%(upstream:track)%00%(upstream:remotename)%00%(upstream:remoteref) refs/heads/main refs/remotes/main [1ms]
2023-03-24 07:51:16.222 [info] > git status -z -uall [86ms]
2023-03-24 07:51:21.292 [info] > git remote --verbose [24ms]
2023-03-24 07:51:21.293 [info] > git for-each-ref --sort -committerdate --format %(refname) %(objectname) %(*objectname) [37ms]
2023-03-24 07:51:21.328 [info] > git config --get commit.template [26ms]
2023-03-24 07:51:21.329 [info] > git for-each-ref --format=%(refname)%00%(upstream:short)%00%(objectname)%00%(upstream:track)%00%(upstream:remotename)%00%(upstream:remoteref) refs/heads/main refs/remotes/main [2ms]
2023-03-24 07:51:21.447 [info] > git status -z -uall [156ms]
2023-03-24 07:51:26.500 [info] > git remote --verbose [17ms]
2023-03-24 07:51:26.500 [info] > git for-each-ref --sort -committerdate --format %(refname) %(objectname) %(*objectname) [29ms]
2023-03-24 07:51:26.537 [info] > git config --get commit.template [25ms]
2023-03-24 07:51:26.554 [info] > git for-each-ref --format=%(refname)%00%(upstream:short)%00%(objectname)%00%(upstream:track)%00%(upstream:remotename)%00%(upstream:remoteref) refs/heads/main refs/remotes/main [18ms]
2023-03-24 07:51:26.588 [info] > git status -z -uall [90ms]
2023-03-24 07:51:31.647 [info] > git remote --verbose [14ms]
2023-03-24 07:51:31.647 [info] > git for-each-ref --sort -committerdate --format %(refname) %(objectname) %(*objectname) [39ms]
2023-03-24 07:51:31.688 [info] > git config --get commit.template [26ms]
2023-03-24 07:51:31.689 [info] > git for-each-ref --format=%(refname)%00%(upstream:short)%00%(objectname)%00%(upstream:track)%00%(upstream:remotename)%00%(upstream:remoteref) refs/heads/main refs/remotes/main [2ms]
2023-03-24 07:51:31.807 [info] > git status -z -uall [162ms]
2023-03-24 07:51:43.976 [info] > git remote --verbose [24ms]
2023-03-24 07:51:43.977 [info] > git for-each-ref --sort -committerdate --format %(refname) %(objectname) %(*objectname) [44ms]
2023-03-24 07:51:44.020 [info] > git config --get commit.template [20ms]
2023-03-24 07:51:44.021 [info] > git for-each-ref --format=%(refname)%00%(upstream:short)%00%(objectname)%00%(upstream:track)%00%(upstream:remotename)%00%(upstream:remoteref) refs/heads/main refs/remotes/main [2ms]
2023-03-24 07:51:44.051 [info] > git status -z -uall [78ms]
2023-03-24 07:52:56.548 [info] > git remote --verbose [33ms]
2023-03-24 07:52:56.548 [info] > git for-each-ref --sort -committerdate --format %(refname) %(objectname) %(*objectname) [60ms]
2023-03-24 07:52:56.614 [info] > git config --get commit.template [30ms]
2023-03-24 07:52:56.614 [info] > git for-each-ref --format=%(refname)%00%(upstream:short)%00%(objectname)%00%(upstream:track)%00%(upstream:remotename)%00%(upstream:remoteref) refs/heads/main refs/remotes/main [2ms]
2023-03-24 07:52:56.654 [info] > git status -z -uall [111ms]
2023-03-24 07:54:29.914 [info] > git remote --verbose [70ms]
2023-03-24 07:54:29.914 [info] > git for-each-ref --sort -committerdate --format %(refname) %(objectname) %(*objectname) [86ms]
2023-03-24 07:54:29.924 [info] > git config --get commit.template [12ms]
2023-03-24 07:54:29.961 [info] > git for-each-ref --format=%(refname)%00%(upstream:short)%00%(objectname)%00%(upstream:track)%00%(upstream:remotename)%00%(upstream:remoteref) refs/heads/main refs/remotes/main [20ms]
2023-03-24 07:54:30.076 [info] > git status -z -uall [200ms]
