2023-03-23 15:42:21.579 [info] Validating found git in: git
2023-03-23 15:42:21.579 [info] Using git 2.25.1 from git
2023-03-23 15:42:21.579 [info] > git rev-parse --show-toplevel [3ms]
2023-03-23 15:42:21.579 [info] > git rev-parse --git-dir --git-common-dir [2ms]
2023-03-23 15:42:21.579 [info] Log level: Info
2023-03-23 15:42:21.579 [info] Open repository: /root/capsule
2023-03-23 15:42:21.579 [info] > git status -z -uall [10ms]
2023-03-23 15:42:21.579 [info] > git rev-parse --show-toplevel [6ms]
2023-03-23 15:42:21.579 [info] > git remote --verbose [20ms]
2023-03-23 15:42:21.579 [info] > git for-each-ref --sort -committerdate --format %(refname) %(objectname) %(*objectname) [23ms]
2023-03-23 15:42:21.579 [info] > git rev-parse --show-toplevel [3ms]
2023-03-23 15:42:21.579 [info] > git config --get commit.template [13ms]
2023-03-23 15:42:21.579 [info] > git rev-parse --show-toplevel [3ms]
2023-03-23 15:42:21.579 [info] > git rev-parse --show-toplevel [6ms]
2023-03-23 15:42:21.579 [info] > git for-each-ref --format=%(refname)%00%(upstream:short)%00%(objectname)%00%(upstream:track)%00%(upstream:remotename)%00%(upstream:remoteref) refs/heads/main refs/remotes/main [3ms]
2023-03-23 15:42:21.579 [info] > git status -z -uall [5ms]
2023-03-23 15:42:21.579 [info] > git remote --verbose [10ms]
2023-03-23 15:42:21.579 [info] > git for-each-ref --sort -committerdate --format %(refname) %(objectname) %(*objectname) [14ms]
2023-03-23 15:42:21.579 [info] > git config --get commit.template [2ms]
2023-03-23 15:42:21.579 [info] > git for-each-ref --format=%(refname)%00%(upstream:short)%00%(objectname)%00%(upstream:track)%00%(upstream:remotename)%00%(upstream:remoteref) refs/heads/main refs/remotes/main [1ms]
2023-03-23 15:42:21.579 [info] > git check-ignore -v -z --stdin [3ms]
2023-03-23 15:42:25.318 [info] > git check-ignore -v -z --stdin [1ms]
2023-03-23 15:42:26.810 [info] > git check-ignore -v -z --stdin [1ms]
2023-03-23 15:42:29.332 [info] > git status -z -uall [8ms]
2023-03-23 15:42:29.334 [info] > git remote --verbose [16ms]
2023-03-23 15:42:29.335 [info] > git for-each-ref --sort -committerdate --format %(refname) %(objectname) %(*objectname) [22ms]
2023-03-23 15:42:29.337 [info] > git config --get commit.template [5ms]
2023-03-23 15:42:29.366 [info] > git show --textconv :code/Reprod/Burgers/Burgers.py [8ms]
2023-03-23 15:42:29.367 [info] > git for-each-ref --format=%(refname)%00%(upstream:short)%00%(objectname)%00%(upstream:track)%00%(upstream:remotename)%00%(upstream:remoteref) refs/heads/main refs/remotes/main [17ms]
2023-03-23 15:42:29.373 [info] > git ls-files --stage -- /root/capsule/code/Reprod/Burgers/Burgers.py [8ms]
2023-03-23 15:42:34.391 [info] > git status -z -uall [5ms]
2023-03-23 15:42:34.392 [info] > git remote --verbose [10ms]
2023-03-23 15:42:34.393 [info] > git for-each-ref --sort -committerdate --format %(refname) %(objectname) %(*objectname) [15ms]
2023-03-23 15:42:34.395 [info] > git config --get commit.template [4ms]
2023-03-23 15:42:34.402 [info] > git for-each-ref --format=%(refname)%00%(upstream:short)%00%(objectname)%00%(upstream:track)%00%(upstream:remotename)%00%(upstream:remoteref) refs/heads/main refs/remotes/main [1ms]
2023-03-23 15:42:39.423 [info] > git status -z -uall [5ms]
2023-03-23 15:42:39.424 [info] > git remote --verbose [9ms]
2023-03-23 15:42:39.425 [info] > git for-each-ref --sort -committerdate --format %(refname) %(objectname) %(*objectname) [14ms]
2023-03-23 15:42:39.426 [info] > git config --get commit.template [3ms]
2023-03-23 15:42:39.432 [info] > git for-each-ref --format=%(refname)%00%(upstream:short)%00%(objectname)%00%(upstream:track)%00%(upstream:remotename)%00%(upstream:remoteref) refs/heads/main refs/remotes/main [1ms]
2023-03-23 15:42:44.451 [info] > git status -z -uall [5ms]
2023-03-23 15:42:44.451 [info] > git remote --verbose [8ms]
2023-03-23 15:42:44.452 [info] > git for-each-ref --sort -committerdate --format %(refname) %(objectname) %(*objectname) [13ms]
2023-03-23 15:42:44.453 [info] > git config --get commit.template [2ms]
2023-03-23 15:42:44.458 [info] > git for-each-ref --format=%(refname)%00%(upstream:short)%00%(objectname)%00%(upstream:track)%00%(upstream:remotename)%00%(upstream:remoteref) refs/heads/main refs/remotes/main [1ms]
2023-03-23 15:42:49.479 [info] > git status -z -uall [5ms]
2023-03-23 15:42:49.479 [info] > git remote --verbose [9ms]
2023-03-23 15:42:49.480 [info] > git for-each-ref --sort -committerdate --format %(refname) %(objectname) %(*objectname) [13ms]
2023-03-23 15:42:49.481 [info] > git config --get commit.template [3ms]
2023-03-23 15:42:49.489 [info] > git for-each-ref --format=%(refname)%00%(upstream:short)%00%(objectname)%00%(upstream:track)%00%(upstream:remotename)%00%(upstream:remoteref) refs/heads/main refs/remotes/main [2ms]
2023-03-23 15:42:54.509 [info] > git status -z -uall [5ms]
2023-03-23 15:42:54.510 [info] > git remote --verbose [8ms]
2023-03-23 15:42:54.510 [info] > git for-each-ref --sort -committerdate --format %(refname) %(objectname) %(*objectname) [13ms]
2023-03-23 15:42:54.511 [info] > git config --get commit.template [2ms]
2023-03-23 15:42:54.517 [info] > git for-each-ref --format=%(refname)%00%(upstream:short)%00%(objectname)%00%(upstream:track)%00%(upstream:remotename)%00%(upstream:remoteref) refs/heads/main refs/remotes/main [1ms]
2023-03-23 15:42:59.540 [info] > git status -z -uall [6ms]
2023-03-23 15:42:59.541 [info] > git remote --verbose [11ms]
2023-03-23 15:42:59.541 [info] > git for-each-ref --sort -committerdate --format %(refname) %(objectname) %(*objectname) [16ms]
2023-03-23 15:42:59.542 [info] > git config --get commit.template [3ms]
2023-03-23 15:42:59.551 [info] > git for-each-ref --format=%(refname)%00%(upstream:short)%00%(objectname)%00%(upstream:track)%00%(upstream:remotename)%00%(upstream:remoteref) refs/heads/main refs/remotes/main [2ms]
2023-03-23 15:43:04.573 [info] > git status -z -uall [5ms]
2023-03-23 15:43:04.574 [info] > git remote --verbose [9ms]
2023-03-23 15:43:04.574 [info] > git for-each-ref --sort -committerdate --format %(refname) %(objectname) %(*objectname) [13ms]
2023-03-23 15:43:04.575 [info] > git config --get commit.template [3ms]
2023-03-23 15:43:04.581 [info] > git for-each-ref --format=%(refname)%00%(upstream:short)%00%(objectname)%00%(upstream:track)%00%(upstream:remotename)%00%(upstream:remoteref) refs/heads/main refs/remotes/main [1ms]
2023-03-23 15:43:09.600 [info] > git status -z -uall [4ms]
2023-03-23 15:43:09.601 [info] > git remote --verbose [7ms]
2023-03-23 15:43:09.601 [info] > git for-each-ref --sort -committerdate --format %(refname) %(objectname) %(*objectname) [12ms]
2023-03-23 15:43:09.602 [info] > git config --get commit.template [2ms]
2023-03-23 15:43:09.608 [info] > git for-each-ref --format=%(refname)%00%(upstream:short)%00%(objectname)%00%(upstream:track)%00%(upstream:remotename)%00%(upstream:remoteref) refs/heads/main refs/remotes/main [1ms]
2023-03-23 15:43:14.630 [info] > git status -z -uall [5ms]
2023-03-23 15:43:14.631 [info] > git remote --verbose [9ms]
2023-03-23 15:43:14.631 [info] > git for-each-ref --sort -committerdate --format %(refname) %(objectname) %(*objectname) [14ms]
2023-03-23 15:43:14.632 [info] > git config --get commit.template [3ms]
2023-03-23 15:43:14.638 [info] > git for-each-ref --format=%(refname)%00%(upstream:short)%00%(objectname)%00%(upstream:track)%00%(upstream:remotename)%00%(upstream:remoteref) refs/heads/main refs/remotes/main [1ms]
2023-03-23 15:43:19.659 [info] > git status -z -uall [4ms]
2023-03-23 15:43:19.660 [info] > git remote --verbose [8ms]
2023-03-23 15:43:19.660 [info] > git for-each-ref --sort -committerdate --format %(refname) %(objectname) %(*objectname) [13ms]
2023-03-23 15:43:19.661 [info] > git config --get commit.template [2ms]
2023-03-23 15:43:19.667 [info] > git for-each-ref --format=%(refname)%00%(upstream:short)%00%(objectname)%00%(upstream:track)%00%(upstream:remotename)%00%(upstream:remoteref) refs/heads/main refs/remotes/main [1ms]
2023-03-23 15:43:24.685 [info] > git status -z -uall [4ms]
2023-03-23 15:43:24.686 [info] > git remote --verbose [8ms]
2023-03-23 15:43:24.686 [info] > git for-each-ref --sort -committerdate --format %(refname) %(objectname) %(*objectname) [12ms]
2023-03-23 15:43:24.687 [info] > git config --get commit.template [2ms]
2023-03-23 15:43:24.694 [info] > git for-each-ref --format=%(refname)%00%(upstream:short)%00%(objectname)%00%(upstream:track)%00%(upstream:remotename)%00%(upstream:remoteref) refs/heads/main refs/remotes/main [1ms]
2023-03-23 15:43:29.717 [info] > git status -z -uall [6ms]
2023-03-23 15:43:29.718 [info] > git remote --verbose [10ms]
2023-03-23 15:43:29.718 [info] > git for-each-ref --sort -committerdate --format %(refname) %(objectname) %(*objectname) [16ms]
2023-03-23 15:43:29.719 [info] > git config --get commit.template [2ms]
2023-03-23 15:43:29.725 [info] > git for-each-ref --format=%(refname)%00%(upstream:short)%00%(objectname)%00%(upstream:track)%00%(upstream:remotename)%00%(upstream:remoteref) refs/heads/main refs/remotes/main [1ms]
2023-03-23 15:43:34.747 [info] > git status -z -uall [4ms]
2023-03-23 15:43:34.748 [info] > git remote --verbose [8ms]
2023-03-23 15:43:34.748 [info] > git for-each-ref --sort -committerdate --format %(refname) %(objectname) %(*objectname) [13ms]
2023-03-23 15:43:34.749 [info] > git config --get commit.template [2ms]
2023-03-23 15:43:34.755 [info] > git for-each-ref --format=%(refname)%00%(upstream:short)%00%(objectname)%00%(upstream:track)%00%(upstream:remotename)%00%(upstream:remoteref) refs/heads/main refs/remotes/main [1ms]
2023-03-23 15:43:39.774 [info] > git status -z -uall [5ms]
2023-03-23 15:43:39.775 [info] > git remote --verbose [9ms]
2023-03-23 15:43:39.775 [info] > git for-each-ref --sort -committerdate --format %(refname) %(objectname) %(*objectname) [13ms]
2023-03-23 15:43:39.776 [info] > git config --get commit.template [2ms]
2023-03-23 15:43:39.781 [info] > git for-each-ref --format=%(refname)%00%(upstream:short)%00%(objectname)%00%(upstream:track)%00%(upstream:remotename)%00%(upstream:remoteref) refs/heads/main refs/remotes/main [1ms]
2023-03-23 15:43:44.801 [info] > git status -z -uall [5ms]
2023-03-23 15:43:44.801 [info] > git remote --verbose [9ms]
2023-03-23 15:43:44.802 [info] > git for-each-ref --sort -committerdate --format %(refname) %(objectname) %(*objectname) [13ms]
2023-03-23 15:43:44.802 [info] > git config --get commit.template [2ms]
2023-03-23 15:43:44.808 [info] > git for-each-ref --format=%(refname)%00%(upstream:short)%00%(objectname)%00%(upstream:track)%00%(upstream:remotename)%00%(upstream:remoteref) refs/heads/main refs/remotes/main [1ms]
2023-03-23 15:43:49.828 [info] > git status -z -uall [4ms]
2023-03-23 15:43:49.829 [info] > git remote --verbose [8ms]
2023-03-23 15:43:49.829 [info] > git for-each-ref --sort -committerdate --format %(refname) %(objectname) %(*objectname) [13ms]
2023-03-23 15:43:49.830 [info] > git config --get commit.template [1ms]
2023-03-23 15:43:49.836 [info] > git for-each-ref --format=%(refname)%00%(upstream:short)%00%(objectname)%00%(upstream:track)%00%(upstream:remotename)%00%(upstream:remoteref) refs/heads/main refs/remotes/main [1ms]
2023-03-23 15:43:54.856 [info] > git status -z -uall [6ms]
2023-03-23 15:43:54.857 [info] > git remote --verbose [9ms]
2023-03-23 15:43:54.858 [info] > git for-each-ref --sort -committerdate --format %(refname) %(objectname) %(*objectname) [14ms]
2023-03-23 15:43:54.859 [info] > git config --get commit.template [5ms]
2023-03-23 15:43:54.866 [info] > git for-each-ref --format=%(refname)%00%(upstream:short)%00%(objectname)%00%(upstream:track)%00%(upstream:remotename)%00%(upstream:remoteref) refs/heads/main refs/remotes/main [3ms]
2023-03-23 15:43:59.890 [info] > git status -z -uall [7ms]
2023-03-23 15:43:59.890 [info] > git remote --verbose [11ms]
2023-03-23 15:43:59.891 [info] > git for-each-ref --sort -committerdate --format %(refname) %(objectname) %(*objectname) [16ms]
2023-03-23 15:43:59.891 [info] > git config --get commit.template [2ms]
2023-03-23 15:43:59.899 [info] > git for-each-ref --format=%(refname)%00%(upstream:short)%00%(objectname)%00%(upstream:track)%00%(upstream:remotename)%00%(upstream:remoteref) refs/heads/main refs/remotes/main [1ms]
2023-03-23 15:44:04.920 [info] > git status -z -uall [4ms]
2023-03-23 15:44:04.920 [info] > git remote --verbose [9ms]
2023-03-23 15:44:04.920 [info] > git for-each-ref --sort -committerdate --format %(refname) %(objectname) %(*objectname) [13ms]
2023-03-23 15:44:04.921 [info] > git config --get commit.template [2ms]
2023-03-23 15:44:04.929 [info] > git for-each-ref --format=%(refname)%00%(upstream:short)%00%(objectname)%00%(upstream:track)%00%(upstream:remotename)%00%(upstream:remoteref) refs/heads/main refs/remotes/main [1ms]
2023-03-23 15:44:09.970 [info] > git status -z -uall [10ms]
2023-03-23 15:44:09.970 [info] > git remote --verbose [18ms]
2023-03-23 15:44:09.971 [info] > git for-each-ref --sort -committerdate --format %(refname) %(objectname) %(*objectname) [27ms]
2023-03-23 15:44:09.971 [info] > git config --get commit.template [2ms]
2023-03-23 15:44:09.983 [info] > git for-each-ref --format=%(refname)%00%(upstream:short)%00%(objectname)%00%(upstream:track)%00%(upstream:remotename)%00%(upstream:remoteref) refs/heads/main refs/remotes/main [1ms]
2023-03-23 15:44:15.023 [info] > git status -z -uall [8ms]
2023-03-23 15:44:15.023 [info] > git remote --verbose [16ms]
2023-03-23 15:44:15.024 [info] > git for-each-ref --sort -committerdate --format %(refname) %(objectname) %(*objectname) [24ms]
2023-03-23 15:44:15.024 [info] > git config --get commit.template [2ms]
2023-03-23 15:44:15.038 [info] > git for-each-ref --format=%(refname)%00%(upstream:short)%00%(objectname)%00%(upstream:track)%00%(upstream:remotename)%00%(upstream:remoteref) refs/heads/main refs/remotes/main [6ms]
2023-03-23 15:44:20.083 [info] > git status -z -uall [13ms]
2023-03-23 15:44:20.084 [info] > git remote --verbose [22ms]
2023-03-23 15:44:20.084 [info] > git for-each-ref --sort -committerdate --format %(refname) %(objectname) %(*objectname) [32ms]
2023-03-23 15:44:20.085 [info] > git config --get commit.template [5ms]
2023-03-23 15:44:20.095 [info] > git for-each-ref --format=%(refname)%00%(upstream:short)%00%(objectname)%00%(upstream:track)%00%(upstream:remotename)%00%(upstream:remoteref) refs/heads/main refs/remotes/main [1ms]
2023-03-23 15:44:25.120 [info] > git status -z -uall [5ms]
2023-03-23 15:44:25.121 [info] > git remote --verbose [10ms]
2023-03-23 15:44:25.121 [info] > git for-each-ref --sort -committerdate --format %(refname) %(objectname) %(*objectname) [16ms]
2023-03-23 15:44:25.122 [info] > git config --get commit.template [3ms]
2023-03-23 15:44:25.128 [info] > git for-each-ref --format=%(refname)%00%(upstream:short)%00%(objectname)%00%(upstream:track)%00%(upstream:remotename)%00%(upstream:remoteref) refs/heads/main refs/remotes/main [1ms]
2023-03-23 15:44:30.163 [info] > git status -z -uall [9ms]
2023-03-23 15:44:30.164 [info] > git remote --verbose [17ms]
2023-03-23 15:44:30.165 [info] > git for-each-ref --sort -committerdate --format %(refname) %(objectname) %(*objectname) [25ms]
2023-03-23 15:44:30.166 [info] > git config --get commit.template [4ms]
2023-03-23 15:44:30.176 [info] > git for-each-ref --format=%(refname)%00%(upstream:short)%00%(objectname)%00%(upstream:track)%00%(upstream:remotename)%00%(upstream:remoteref) refs/heads/main refs/remotes/main [1ms]
2023-03-23 15:44:31.099 [info] > git show --textconv :code/Reprod/Burgers/Burgers.py [7ms]
2023-03-23 15:44:31.101 [info] > git ls-files --stage -- /root/capsule/code/Reprod/Burgers/Burgers.py [1ms]
2023-03-23 15:44:35.204 [info] > git status -z -uall [6ms]
2023-03-23 15:44:35.205 [info] > git remote --verbose [11ms]
2023-03-23 15:44:35.205 [info] > git for-each-ref --sort -committerdate --format %(refname) %(objectname) %(*objectname) [18ms]
2023-03-23 15:44:35.206 [info] > git config --get commit.template [3ms]
2023-03-23 15:44:35.213 [info] > git for-each-ref --format=%(refname)%00%(upstream:short)%00%(objectname)%00%(upstream:track)%00%(upstream:remotename)%00%(upstream:remoteref) refs/heads/main refs/remotes/main [2ms]
2023-03-23 15:44:40.278 [info] > git remote --verbose [14ms]
2023-03-23 15:44:40.279 [info] > git for-each-ref --sort -committerdate --format %(refname) %(objectname) %(*objectname) [38ms]
2023-03-23 15:44:40.312 [info] > git status -z -uall [35ms]
2023-03-23 15:44:40.313 [info] > git config --get commit.template [17ms]
2023-03-23 15:44:40.314 [info] > git for-each-ref --format=%(refname)%00%(upstream:short)%00%(objectname)%00%(upstream:track)%00%(upstream:remotename)%00%(upstream:remoteref) refs/heads/main refs/remotes/main [3ms]
2023-03-23 15:44:45.365 [info] > git status -z -uall [6ms]
2023-03-23 15:44:45.366 [info] > git remote --verbose [15ms]
2023-03-23 15:44:45.366 [info] > git for-each-ref --sort -committerdate --format %(refname) %(objectname) %(*objectname) [32ms]
2023-03-23 15:44:45.367 [info] > git config --get commit.template [2ms]
2023-03-23 15:44:45.374 [info] > git for-each-ref --format=%(refname)%00%(upstream:short)%00%(objectname)%00%(upstream:track)%00%(upstream:remotename)%00%(upstream:remoteref) refs/heads/main refs/remotes/main [1ms]
2023-03-23 15:44:50.406 [info] > git status -z -uall [7ms]
2023-03-23 15:44:50.407 [info] > git remote --verbose [14ms]
2023-03-23 15:44:50.407 [info] > git for-each-ref --sort -committerdate --format %(refname) %(objectname) %(*objectname) [21ms]
2023-03-23 15:44:50.408 [info] > git config --get commit.template [2ms]
2023-03-23 15:44:50.416 [info] > git for-each-ref --format=%(refname)%00%(upstream:short)%00%(objectname)%00%(upstream:track)%00%(upstream:remotename)%00%(upstream:remoteref) refs/heads/main refs/remotes/main [2ms]
2023-03-23 15:44:55.479 [info] > git status -z -uall [9ms]
2023-03-23 15:44:55.480 [info] > git remote --verbose [22ms]
2023-03-23 15:44:55.481 [info] > git for-each-ref --sort -committerdate --format %(refname) %(objectname) %(*objectname) [41ms]
2023-03-23 15:44:55.482 [info] > git config --get commit.template [2ms]
2023-03-23 15:44:55.492 [info] > git for-each-ref --format=%(refname)%00%(upstream:short)%00%(objectname)%00%(upstream:track)%00%(upstream:remotename)%00%(upstream:remoteref) refs/heads/main refs/remotes/main [1ms]
2023-03-23 15:45:00.557 [info] > git status -z -uall [16ms]
2023-03-23 15:45:00.558 [info] > git remote --verbose [28ms]
2023-03-23 15:45:00.558 [info] > git for-each-ref --sort -committerdate --format %(refname) %(objectname) %(*objectname) [43ms]
2023-03-23 15:45:00.559 [info] > git config --get commit.template [3ms]
2023-03-23 15:45:00.566 [info] > git for-each-ref --format=%(refname)%00%(upstream:short)%00%(objectname)%00%(upstream:track)%00%(upstream:remotename)%00%(upstream:remoteref) refs/heads/main refs/remotes/main [1ms]
2023-03-23 15:45:05.591 [info] > git status -z -uall [5ms]
2023-03-23 15:45:05.593 [info] > git remote --verbose [10ms]
2023-03-23 15:45:05.593 [info] > git for-each-ref --sort -committerdate --format %(refname) %(objectname) %(*objectname) [18ms]
2023-03-23 15:45:05.594 [info] > git config --get commit.template [3ms]
2023-03-23 15:45:05.603 [info] > git for-each-ref --format=%(refname)%00%(upstream:short)%00%(objectname)%00%(upstream:track)%00%(upstream:remotename)%00%(upstream:remoteref) refs/heads/main refs/remotes/main [1ms]
2023-03-23 15:45:10.630 [info] > git status -z -uall [6ms]
2023-03-23 15:45:10.631 [info] > git remote --verbose [11ms]
2023-03-23 15:45:10.632 [info] > git for-each-ref --sort -committerdate --format %(refname) %(objectname) %(*objectname) [17ms]
2023-03-23 15:45:10.633 [info] > git config --get commit.template [2ms]
2023-03-23 15:45:10.648 [info] > git for-each-ref --format=%(refname)%00%(upstream:short)%00%(objectname)%00%(upstream:track)%00%(upstream:remotename)%00%(upstream:remoteref) refs/heads/main refs/remotes/main [1ms]
2023-03-23 15:45:15.682 [info] > git status -z -uall [6ms]
2023-03-23 15:45:15.682 [info] > git remote --verbose [14ms]
2023-03-23 15:45:15.683 [info] > git for-each-ref --sort -committerdate --format %(refname) %(objectname) %(*objectname) [21ms]
2023-03-23 15:45:15.683 [info] > git config --get commit.template [2ms]
2023-03-23 15:45:15.694 [info] > git for-each-ref --format=%(refname)%00%(upstream:short)%00%(objectname)%00%(upstream:track)%00%(upstream:remotename)%00%(upstream:remoteref) refs/heads/main refs/remotes/main [4ms]
2023-03-23 15:45:20.806 [info] > git status -z -uall [6ms]
2023-03-23 15:45:20.806 [info] > git remote --verbose [12ms]
2023-03-23 15:45:20.807 [info] > git for-each-ref --sort -committerdate --format %(refname) %(objectname) %(*objectname) [18ms]
2023-03-23 15:45:20.808 [info] > git config --get commit.template [2ms]
2023-03-23 15:45:20.815 [info] > git for-each-ref --format=%(refname)%00%(upstream:short)%00%(objectname)%00%(upstream:track)%00%(upstream:remotename)%00%(upstream:remoteref) refs/heads/main refs/remotes/main [1ms]
2023-03-23 15:45:25.842 [info] > git status -z -uall [5ms]
2023-03-23 15:45:25.842 [info] > git remote --verbose [11ms]
2023-03-23 15:45:25.843 [info] > git for-each-ref --sort -committerdate --format %(refname) %(objectname) %(*objectname) [17ms]
2023-03-23 15:45:25.843 [info] > git config --get commit.template [2ms]
2023-03-23 15:45:25.850 [info] > git for-each-ref --format=%(refname)%00%(upstream:short)%00%(objectname)%00%(upstream:track)%00%(upstream:remotename)%00%(upstream:remoteref) refs/heads/main refs/remotes/main [2ms]
2023-03-23 15:45:30.884 [info] > git status -z -uall [10ms]
2023-03-23 15:45:30.885 [info] > git remote --verbose [16ms]
2023-03-23 15:45:30.886 [info] > git for-each-ref --sort -committerdate --format %(refname) %(objectname) %(*objectname) [25ms]
2023-03-23 15:45:30.887 [info] > git config --get commit.template [3ms]
2023-03-23 15:45:30.896 [info] > git for-each-ref --format=%(refname)%00%(upstream:short)%00%(objectname)%00%(upstream:track)%00%(upstream:remotename)%00%(upstream:remoteref) refs/heads/main refs/remotes/main [1ms]
2023-03-23 15:45:35.922 [info] > git status -z -uall [5ms]
2023-03-23 15:45:35.923 [info] > git remote --verbose [11ms]
2023-03-23 15:45:35.923 [info] > git for-each-ref --sort -committerdate --format %(refname) %(objectname) %(*objectname) [17ms]
2023-03-23 15:45:35.926 [info] > git config --get commit.template [4ms]
2023-03-23 15:45:35.934 [info] > git for-each-ref --format=%(refname)%00%(upstream:short)%00%(objectname)%00%(upstream:track)%00%(upstream:remotename)%00%(upstream:remoteref) refs/heads/main refs/remotes/main [1ms]
2023-03-23 15:45:40.961 [info] > git status -z -uall [6ms]
2023-03-23 15:45:40.961 [info] > git remote --verbose [12ms]
2023-03-23 15:45:40.962 [info] > git for-each-ref --sort -committerdate --format %(refname) %(objectname) %(*objectname) [17ms]
2023-03-23 15:45:40.965 [info] > git config --get commit.template [5ms]
2023-03-23 15:45:40.973 [info] > git for-each-ref --format=%(refname)%00%(upstream:short)%00%(objectname)%00%(upstream:track)%00%(upstream:remotename)%00%(upstream:remoteref) refs/heads/main refs/remotes/main [2ms]
2023-03-23 15:45:46.000 [info] > git status -z -uall [6ms]
2023-03-23 15:45:46.000 [info] > git remote --verbose [11ms]
2023-03-23 15:45:46.001 [info] > git for-each-ref --sort -committerdate --format %(refname) %(objectname) %(*objectname) [16ms]
2023-03-23 15:45:46.001 [info] > git config --get commit.template [2ms]
2023-03-23 15:45:46.008 [info] > git for-each-ref --format=%(refname)%00%(upstream:short)%00%(objectname)%00%(upstream:track)%00%(upstream:remotename)%00%(upstream:remoteref) refs/heads/main refs/remotes/main [1ms]
2023-03-23 15:45:51.035 [info] > git status -z -uall [6ms]
2023-03-23 15:45:51.036 [info] > git remote --verbose [11ms]
2023-03-23 15:45:51.036 [info] > git for-each-ref --sort -committerdate --format %(refname) %(objectname) %(*objectname) [17ms]
2023-03-23 15:45:51.038 [info] > git config --get commit.template [2ms]
2023-03-23 15:45:51.046 [info] > git for-each-ref --format=%(refname)%00%(upstream:short)%00%(objectname)%00%(upstream:track)%00%(upstream:remotename)%00%(upstream:remoteref) refs/heads/main refs/remotes/main [1ms]
2023-03-23 15:45:56.081 [info] > git status -z -uall [10ms]
2023-03-23 15:45:56.082 [info] > git remote --verbose [18ms]
2023-03-23 15:45:56.082 [info] > git for-each-ref --sort -committerdate --format %(refname) %(objectname) %(*objectname) [26ms]
2023-03-23 15:45:56.083 [info] > git config --get commit.template [4ms]
2023-03-23 15:45:56.092 [info] > git for-each-ref --format=%(refname)%00%(upstream:short)%00%(objectname)%00%(upstream:track)%00%(upstream:remotename)%00%(upstream:remoteref) refs/heads/main refs/remotes/main [1ms]
2023-03-23 15:46:01.126 [info] > git status -z -uall [8ms]
2023-03-23 15:46:01.127 [info] > git remote --verbose [15ms]
2023-03-23 15:46:01.127 [info] > git for-each-ref --sort -committerdate --format %(refname) %(objectname) %(*objectname) [22ms]
2023-03-23 15:46:01.128 [info] > git config --get commit.template [1ms]
2023-03-23 15:46:01.137 [info] > git for-each-ref --format=%(refname)%00%(upstream:short)%00%(objectname)%00%(upstream:track)%00%(upstream:remotename)%00%(upstream:remoteref) refs/heads/main refs/remotes/main [1ms]
2023-03-23 15:46:06.172 [info] > git status -z -uall [8ms]
2023-03-23 15:46:06.173 [info] > git remote --verbose [17ms]
2023-03-23 15:46:06.173 [info] > git for-each-ref --sort -committerdate --format %(refname) %(objectname) %(*objectname) [24ms]
2023-03-23 15:46:06.174 [info] > git config --get commit.template [3ms]
2023-03-23 15:46:06.185 [info] > git for-each-ref --format=%(refname)%00%(upstream:short)%00%(objectname)%00%(upstream:track)%00%(upstream:remotename)%00%(upstream:remoteref) refs/heads/main refs/remotes/main [1ms]
2023-03-23 15:46:11.227 [info] > git status -z -uall [10ms]
2023-03-23 15:46:11.229 [info] > git remote --verbose [19ms]
2023-03-23 15:46:11.229 [info] > git for-each-ref --sort -committerdate --format %(refname) %(objectname) %(*objectname) [30ms]
2023-03-23 15:46:11.230 [info] > git config --get commit.template [4ms]
2023-03-23 15:46:11.241 [info] > git for-each-ref --format=%(refname)%00%(upstream:short)%00%(objectname)%00%(upstream:track)%00%(upstream:remotename)%00%(upstream:remoteref) refs/heads/main refs/remotes/main [2ms]
2023-03-23 15:46:16.272 [info] > git status -z -uall [7ms]
2023-03-23 15:46:16.273 [info] > git remote --verbose [13ms]
2023-03-23 15:46:16.273 [info] > git for-each-ref --sort -committerdate --format %(refname) %(objectname) %(*objectname) [21ms]
2023-03-23 15:46:16.274 [info] > git config --get commit.template [2ms]
2023-03-23 15:46:16.282 [info] > git for-each-ref --format=%(refname)%00%(upstream:short)%00%(objectname)%00%(upstream:track)%00%(upstream:remotename)%00%(upstream:remoteref) refs/heads/main refs/remotes/main [1ms]
2023-03-23 15:46:21.310 [info] > git status -z -uall [6ms]
2023-03-23 15:46:21.311 [info] > git remote --verbose [12ms]
2023-03-23 15:46:21.311 [info] > git for-each-ref --sort -committerdate --format %(refname) %(objectname) %(*objectname) [19ms]
2023-03-23 15:46:21.312 [info] > git config --get commit.template [2ms]
2023-03-23 15:46:21.319 [info] > git for-each-ref --format=%(refname)%00%(upstream:short)%00%(objectname)%00%(upstream:track)%00%(upstream:remotename)%00%(upstream:remoteref) refs/heads/main refs/remotes/main [1ms]
2023-03-23 15:46:26.348 [info] > git status -z -uall [7ms]
2023-03-23 15:46:26.348 [info] > git remote --verbose [13ms]
2023-03-23 15:46:26.349 [info] > git for-each-ref --sort -committerdate --format %(refname) %(objectname) %(*objectname) [19ms]
2023-03-23 15:46:26.349 [info] > git config --get commit.template [2ms]
2023-03-23 15:46:26.357 [info] > git for-each-ref --format=%(refname)%00%(upstream:short)%00%(objectname)%00%(upstream:track)%00%(upstream:remotename)%00%(upstream:remoteref) refs/heads/main refs/remotes/main [1ms]
2023-03-23 15:46:31.413 [info] > git status -z -uall [8ms]
2023-03-23 15:46:31.414 [info] > git remote --verbose [17ms]
2023-03-23 15:46:31.414 [info] > git for-each-ref --sort -committerdate --format %(refname) %(objectname) %(*objectname) [35ms]
2023-03-23 15:46:31.415 [info] > git config --get commit.template [3ms]
2023-03-23 15:46:31.424 [info] > git for-each-ref --format=%(refname)%00%(upstream:short)%00%(objectname)%00%(upstream:track)%00%(upstream:remotename)%00%(upstream:remoteref) refs/heads/main refs/remotes/main [1ms]
2023-03-23 15:46:36.453 [info] > git status -z -uall [6ms]
2023-03-23 15:46:36.454 [info] > git remote --verbose [12ms]
2023-03-23 15:46:36.454 [info] > git for-each-ref --sort -committerdate --format %(refname) %(objectname) %(*objectname) [19ms]
2023-03-23 15:46:36.455 [info] > git config --get commit.template [2ms]
2023-03-23 15:46:36.462 [info] > git for-each-ref --format=%(refname)%00%(upstream:short)%00%(objectname)%00%(upstream:track)%00%(upstream:remotename)%00%(upstream:remoteref) refs/heads/main refs/remotes/main [1ms]
2023-03-23 15:46:41.489 [info] > git status -z -uall [6ms]
2023-03-23 15:46:41.490 [info] > git remote --verbose [11ms]
2023-03-23 15:46:41.490 [info] > git for-each-ref --sort -committerdate --format %(refname) %(objectname) %(*objectname) [17ms]
2023-03-23 15:46:41.491 [info] > git config --get commit.template [2ms]
2023-03-23 15:46:41.498 [info] > git for-each-ref --format=%(refname)%00%(upstream:short)%00%(objectname)%00%(upstream:track)%00%(upstream:remotename)%00%(upstream:remoteref) refs/heads/main refs/remotes/main [1ms]
2023-03-23 15:46:50.787 [info] > git status -z -uall [19ms]
2023-03-23 15:46:50.788 [info] > git remote --verbose [34ms]
2023-03-23 15:46:50.789 [info] > git for-each-ref --sort -committerdate --format %(refname) %(objectname) %(*objectname) [49ms]
2023-03-23 15:46:50.790 [info] > git config --get commit.template [5ms]
2023-03-23 15:46:50.807 [info] > git for-each-ref --format=%(refname)%00%(upstream:short)%00%(objectname)%00%(upstream:track)%00%(upstream:remotename)%00%(upstream:remoteref) refs/heads/main refs/remotes/main [2ms]
2023-03-23 15:46:55.856 [info] > git status -z -uall [7ms]
2023-03-23 15:46:55.857 [info] > git remote --verbose [13ms]
2023-03-23 15:46:55.857 [info] > git for-each-ref --sort -committerdate --format %(refname) %(objectname) %(*objectname) [31ms]
2023-03-23 15:46:55.857 [info] > git config --get commit.template [2ms]
2023-03-23 15:46:55.866 [info] > git for-each-ref --format=%(refname)%00%(upstream:short)%00%(objectname)%00%(upstream:track)%00%(upstream:remotename)%00%(upstream:remoteref) refs/heads/main refs/remotes/main [1ms]
2023-03-23 15:47:00.893 [info] > git status -z -uall [6ms]
2023-03-23 15:47:00.894 [info] > git remote --verbose [11ms]
2023-03-23 15:47:00.894 [info] > git for-each-ref --sort -committerdate --format %(refname) %(objectname) %(*objectname) [18ms]
2023-03-23 15:47:00.895 [info] > git config --get commit.template [3ms]
2023-03-23 15:47:00.902 [info] > git for-each-ref --format=%(refname)%00%(upstream:short)%00%(objectname)%00%(upstream:track)%00%(upstream:remotename)%00%(upstream:remoteref) refs/heads/main refs/remotes/main [1ms]
2023-03-23 15:47:08.866 [info] > git status -z -uall [13ms]
2023-03-23 15:47:08.867 [info] > git remote --verbose [27ms]
2023-03-23 15:47:08.867 [info] > git for-each-ref --sort -committerdate --format %(refname) %(objectname) %(*objectname) [40ms]
2023-03-23 15:47:08.869 [info] > git config --get commit.template [3ms]
2023-03-23 15:47:08.885 [info] > git for-each-ref --format=%(refname)%00%(upstream:short)%00%(objectname)%00%(upstream:track)%00%(upstream:remotename)%00%(upstream:remoteref) refs/heads/main refs/remotes/main [4ms]
2023-03-23 15:47:13.934 [info] > git status -z -uall [11ms]
2023-03-23 15:47:13.935 [info] > git remote --verbose [22ms]
2023-03-23 15:47:13.936 [info] > git for-each-ref --sort -committerdate --format %(refname) %(objectname) %(*objectname) [34ms]
2023-03-23 15:47:13.937 [info] > git config --get commit.template [4ms]
2023-03-23 15:47:13.954 [info] > git for-each-ref --format=%(refname)%00%(upstream:short)%00%(objectname)%00%(upstream:track)%00%(upstream:remotename)%00%(upstream:remoteref) refs/heads/main refs/remotes/main [2ms]
2023-03-23 15:47:19.010 [info] > git status -z -uall [12ms]
2023-03-23 15:47:19.011 [info] > git remote --verbose [25ms]
2023-03-23 15:47:19.012 [info] > git for-each-ref --sort -committerdate --format %(refname) %(objectname) %(*objectname) [38ms]
2023-03-23 15:47:19.012 [info] > git config --get commit.template [2ms]
2023-03-23 15:47:19.023 [info] > git for-each-ref --format=%(refname)%00%(upstream:short)%00%(objectname)%00%(upstream:track)%00%(upstream:remotename)%00%(upstream:remoteref) refs/heads/main refs/remotes/main [2ms]
2023-03-23 15:47:24.059 [info] > git status -z -uall [6ms]
2023-03-23 15:47:24.060 [info] > git remote --verbose [12ms]
2023-03-23 15:47:24.060 [info] > git for-each-ref --sort -committerdate --format %(refname) %(objectname) %(*objectname) [21ms]
2023-03-23 15:47:24.061 [info] > git config --get commit.template [2ms]
2023-03-23 15:47:24.071 [info] > git for-each-ref --format=%(refname)%00%(upstream:short)%00%(objectname)%00%(upstream:track)%00%(upstream:remotename)%00%(upstream:remoteref) refs/heads/main refs/remotes/main [2ms]
2023-03-23 15:47:29.102 [info] > git status -z -uall [6ms]
2023-03-23 15:47:29.103 [info] > git remote --verbose [12ms]
2023-03-23 15:47:29.103 [info] > git for-each-ref --sort -committerdate --format %(refname) %(objectname) %(*objectname) [19ms]
2023-03-23 15:47:29.104 [info] > git config --get commit.template [2ms]
2023-03-23 15:47:29.120 [info] > git for-each-ref --format=%(refname)%00%(upstream:short)%00%(objectname)%00%(upstream:track)%00%(upstream:remotename)%00%(upstream:remoteref) refs/heads/main refs/remotes/main [2ms]
2023-03-23 15:47:34.166 [info] > git status -z -uall [8ms]
2023-03-23 15:47:34.167 [info] > git remote --verbose [16ms]
2023-03-23 15:47:34.167 [info] > git for-each-ref --sort -committerdate --format %(refname) %(objectname) %(*objectname) [30ms]
2023-03-23 15:47:34.168 [info] > git config --get commit.template [2ms]
2023-03-23 15:47:34.177 [info] > git for-each-ref --format=%(refname)%00%(upstream:short)%00%(objectname)%00%(upstream:track)%00%(upstream:remotename)%00%(upstream:remoteref) refs/heads/main refs/remotes/main [2ms]
2023-03-23 15:47:39.233 [info] > git status -z -uall [13ms]
2023-03-23 15:47:39.233 [info] > git remote --verbose [27ms]
2023-03-23 15:47:39.234 [info] > git for-each-ref --sort -committerdate --format %(refname) %(objectname) %(*objectname) [39ms]
2023-03-23 15:47:39.238 [info] > git config --get commit.template [5ms]
2023-03-23 15:47:39.247 [info] > git for-each-ref --format=%(refname)%00%(upstream:short)%00%(objectname)%00%(upstream:track)%00%(upstream:remotename)%00%(upstream:remoteref) refs/heads/main refs/remotes/main [1ms]
2023-03-23 15:47:44.302 [info] > git status -z -uall [15ms]
2023-03-23 15:47:44.304 [info] > git remote --verbose [27ms]
2023-03-23 15:47:44.305 [info] > git for-each-ref --sort -committerdate --format %(refname) %(objectname) %(*objectname) [41ms]
2023-03-23 15:47:44.306 [info] > git config --get commit.template [4ms]
2023-03-23 15:47:44.324 [info] > git for-each-ref --format=%(refname)%00%(upstream:short)%00%(objectname)%00%(upstream:track)%00%(upstream:remotename)%00%(upstream:remoteref) refs/heads/main refs/remotes/main [2ms]
2023-03-23 15:47:49.369 [info] > git status -z -uall [12ms]
2023-03-23 15:47:49.370 [info] > git remote --verbose [22ms]
2023-03-23 15:47:49.370 [info] > git for-each-ref --sort -committerdate --format %(refname) %(objectname) %(*objectname) [32ms]
2023-03-23 15:47:49.372 [info] > git config --get commit.template [3ms]
2023-03-23 15:47:49.383 [info] > git for-each-ref --format=%(refname)%00%(upstream:short)%00%(objectname)%00%(upstream:track)%00%(upstream:remotename)%00%(upstream:remoteref) refs/heads/main refs/remotes/main [1ms]
2023-03-23 15:47:54.436 [info] > git status -z -uall [11ms]
2023-03-23 15:47:54.437 [info] > git remote --verbose [22ms]
2023-03-23 15:47:54.438 [info] > git for-each-ref --sort -committerdate --format %(refname) %(objectname) %(*objectname) [37ms]
2023-03-23 15:47:54.439 [info] > git config --get commit.template [4ms]
2023-03-23 15:47:54.456 [info] > git for-each-ref --format=%(refname)%00%(upstream:short)%00%(objectname)%00%(upstream:track)%00%(upstream:remotename)%00%(upstream:remoteref) refs/heads/main refs/remotes/main [2ms]
2023-03-23 15:47:59.512 [info] > git status -z -uall [9ms]
2023-03-23 15:47:59.512 [info] > git remote --verbose [20ms]
2023-03-23 15:47:59.513 [info] > git for-each-ref --sort -committerdate --format %(refname) %(objectname) %(*objectname) [35ms]
2023-03-23 15:47:59.513 [info] > git config --get commit.template [2ms]
2023-03-23 15:47:59.522 [info] > git for-each-ref --format=%(refname)%00%(upstream:short)%00%(objectname)%00%(upstream:track)%00%(upstream:remotename)%00%(upstream:remoteref) refs/heads/main refs/remotes/main [2ms]
2023-03-23 15:48:04.569 [info] > git status -z -uall [14ms]
2023-03-23 15:48:04.570 [info] > git remote --verbose [22ms]
2023-03-23 15:48:04.571 [info] > git for-each-ref --sort -committerdate --format %(refname) %(objectname) %(*objectname) [33ms]
2023-03-23 15:48:04.572 [info] > git config --get commit.template [3ms]
2023-03-23 15:48:04.590 [info] > git for-each-ref --format=%(refname)%00%(upstream:short)%00%(objectname)%00%(upstream:track)%00%(upstream:remotename)%00%(upstream:remoteref) refs/heads/main refs/remotes/main [2ms]
2023-03-23 15:48:09.619 [info] > git status -z -uall [6ms]
2023-03-23 15:48:09.619 [info] > git remote --verbose [12ms]
2023-03-23 15:48:09.620 [info] > git for-each-ref --sort -committerdate --format %(refname) %(objectname) %(*objectname) [19ms]
2023-03-23 15:48:09.621 [info] > git config --get commit.template [3ms]
2023-03-23 15:48:09.628 [info] > git for-each-ref --format=%(refname)%00%(upstream:short)%00%(objectname)%00%(upstream:track)%00%(upstream:remotename)%00%(upstream:remoteref) refs/heads/main refs/remotes/main [1ms]
2023-03-23 15:48:14.656 [info] > git status -z -uall [6ms]
2023-03-23 15:48:14.656 [info] > git remote --verbose [12ms]
2023-03-23 15:48:14.657 [info] > git for-each-ref --sort -committerdate --format %(refname) %(objectname) %(*objectname) [18ms]
2023-03-23 15:48:14.666 [info] > git config --get commit.template [11ms]
2023-03-23 15:48:14.676 [info] > git for-each-ref --format=%(refname)%00%(upstream:short)%00%(objectname)%00%(upstream:track)%00%(upstream:remotename)%00%(upstream:remoteref) refs/heads/main refs/remotes/main [2ms]
2023-03-23 15:48:19.705 [info] > git status -z -uall [6ms]
2023-03-23 15:48:19.705 [info] > git remote --verbose [13ms]
2023-03-23 15:48:19.706 [info] > git for-each-ref --sort -committerdate --format %(refname) %(objectname) %(*objectname) [20ms]
2023-03-23 15:48:19.706 [info] > git config --get commit.template [2ms]
2023-03-23 15:48:19.714 [info] > git for-each-ref --format=%(refname)%00%(upstream:short)%00%(objectname)%00%(upstream:track)%00%(upstream:remotename)%00%(upstream:remoteref) refs/heads/main refs/remotes/main [1ms]
2023-03-23 15:48:24.742 [info] > git status -z -uall [6ms]
2023-03-23 15:48:24.742 [info] > git remote --verbose [11ms]
2023-03-23 15:48:24.742 [info] > git for-each-ref --sort -committerdate --format %(refname) %(objectname) %(*objectname) [16ms]
2023-03-23 15:48:24.743 [info] > git config --get commit.template [2ms]
2023-03-23 15:48:24.750 [info] > git for-each-ref --format=%(refname)%00%(upstream:short)%00%(objectname)%00%(upstream:track)%00%(upstream:remotename)%00%(upstream:remoteref) refs/heads/main refs/remotes/main [1ms]
2023-03-23 15:48:29.778 [info] > git status -z -uall [6ms]
2023-03-23 15:48:29.779 [info] > git remote --verbose [12ms]
2023-03-23 15:48:29.779 [info] > git for-each-ref --sort -committerdate --format %(refname) %(objectname) %(*objectname) [19ms]
2023-03-23 15:48:29.780 [info] > git config --get commit.template [2ms]
2023-03-23 15:48:29.787 [info] > git for-each-ref --format=%(refname)%00%(upstream:short)%00%(objectname)%00%(upstream:track)%00%(upstream:remotename)%00%(upstream:remoteref) refs/heads/main refs/remotes/main [1ms]
2023-03-23 15:48:34.815 [info] > git status -z -uall [6ms]
2023-03-23 15:48:34.816 [info] > git remote --verbose [12ms]
2023-03-23 15:48:34.816 [info] > git for-each-ref --sort -committerdate --format %(refname) %(objectname) %(*objectname) [19ms]
2023-03-23 15:48:34.817 [info] > git config --get commit.template [1ms]
2023-03-23 15:48:34.823 [info] > git for-each-ref --format=%(refname)%00%(upstream:short)%00%(objectname)%00%(upstream:track)%00%(upstream:remotename)%00%(upstream:remoteref) refs/heads/main refs/remotes/main [1ms]
2023-03-23 15:48:39.853 [info] > git status -z -uall [6ms]
2023-03-23 15:48:39.854 [info] > git remote --verbose [13ms]
2023-03-23 15:48:39.854 [info] > git for-each-ref --sort -committerdate --format %(refname) %(objectname) %(*objectname) [20ms]
2023-03-23 15:48:39.855 [info] > git config --get commit.template [2ms]
2023-03-23 15:48:39.862 [info] > git for-each-ref --format=%(refname)%00%(upstream:short)%00%(objectname)%00%(upstream:track)%00%(upstream:remotename)%00%(upstream:remoteref) refs/heads/main refs/remotes/main [1ms]
2023-03-23 15:48:44.891 [info] > git status -z -uall [6ms]
2023-03-23 15:48:44.892 [info] > git remote --verbose [12ms]
2023-03-23 15:48:44.892 [info] > git for-each-ref --sort -committerdate --format %(refname) %(objectname) %(*objectname) [19ms]
2023-03-23 15:48:44.893 [info] > git config --get commit.template [1ms]
2023-03-23 15:48:44.900 [info] > git for-each-ref --format=%(refname)%00%(upstream:short)%00%(objectname)%00%(upstream:track)%00%(upstream:remotename)%00%(upstream:remoteref) refs/heads/main refs/remotes/main [1ms]
2023-03-23 15:48:49.929 [info] > git status -z -uall [6ms]
2023-03-23 15:48:49.930 [info] > git remote --verbose [12ms]
2023-03-23 15:48:49.930 [info] > git for-each-ref --sort -committerdate --format %(refname) %(objectname) %(*objectname) [19ms]
2023-03-23 15:48:49.931 [info] > git config --get commit.template [2ms]
2023-03-23 15:48:49.938 [info] > git for-each-ref --format=%(refname)%00%(upstream:short)%00%(objectname)%00%(upstream:track)%00%(upstream:remotename)%00%(upstream:remoteref) refs/heads/main refs/remotes/main [1ms]
2023-03-23 15:48:54.968 [info] > git status -z -uall [7ms]
2023-03-23 15:48:54.969 [info] > git remote --verbose [14ms]
2023-03-23 15:48:54.969 [info] > git for-each-ref --sort -committerdate --format %(refname) %(objectname) %(*objectname) [21ms]
2023-03-23 15:48:54.970 [info] > git config --get commit.template [2ms]
2023-03-23 15:48:54.979 [info] > git for-each-ref --format=%(refname)%00%(upstream:short)%00%(objectname)%00%(upstream:track)%00%(upstream:remotename)%00%(upstream:remoteref) refs/heads/main refs/remotes/main [1ms]
2023-03-23 15:49:00.008 [info] > git status -z -uall [7ms]
2023-03-23 15:49:00.008 [info] > git remote --verbose [12ms]
2023-03-23 15:49:00.009 [info] > git for-each-ref --sort -committerdate --format %(refname) %(objectname) %(*objectname) [20ms]
2023-03-23 15:49:00.009 [info] > git config --get commit.template [2ms]
2023-03-23 15:49:00.017 [info] > git for-each-ref --format=%(refname)%00%(upstream:short)%00%(objectname)%00%(upstream:track)%00%(upstream:remotename)%00%(upstream:remoteref) refs/heads/main refs/remotes/main [1ms]
2023-03-23 15:49:05.051 [info] > git status -z -uall [8ms]
2023-03-23 15:49:05.052 [info] > git remote --verbose [15ms]
2023-03-23 15:49:05.052 [info] > git for-each-ref --sort -committerdate --format %(refname) %(objectname) %(*objectname) [24ms]
2023-03-23 15:49:05.053 [info] > git config --get commit.template [2ms]
2023-03-23 15:49:05.063 [info] > git for-each-ref --format=%(refname)%00%(upstream:short)%00%(objectname)%00%(upstream:track)%00%(upstream:remotename)%00%(upstream:remoteref) refs/heads/main refs/remotes/main [1ms]
2023-03-23 15:49:10.093 [info] > git status -z -uall [6ms]
2023-03-23 15:49:10.094 [info] > git remote --verbose [12ms]
2023-03-23 15:49:10.094 [info] > git for-each-ref --sort -committerdate --format %(refname) %(objectname) %(*objectname) [19ms]
2023-03-23 15:49:10.094 [info] > git config --get commit.template [1ms]
2023-03-23 15:49:10.102 [info] > git for-each-ref --format=%(refname)%00%(upstream:short)%00%(objectname)%00%(upstream:track)%00%(upstream:remotename)%00%(upstream:remoteref) refs/heads/main refs/remotes/main [2ms]
