2023-03-23 16:20:25.019 [info] Extension host with pid 90 started
2023-03-23 16:20:25.027 [info] Lock '/root/capsule/code/.vscode/User/workspaceStorage/-b8cdb6d/vscode.lock': Lock acquired.
2023-03-23 16:20:25.135 [info] ExtensionService#_doActivateExtension vscode.git-base, startup: true, activationEvent: '*', root cause: vscode.git
2023-03-23 16:20:25.291 [info] ExtensionService#_doActivateExtension vscode.git, startup: true, activationEvent: '*'
2023-03-23 16:20:25.291 [info] ExtensionService#_doActivateExtension vscode.github, startup: true, activationEvent: '*'
2023-03-23 16:20:25.504 [info] ExtensionService#_doActivateExtension vscode.debug-auto-launch, startup: false, activationEvent: 'onStartupFinished'
2023-03-23 16:20:25.504 [info] ExtensionService#_doActivateExtension vscode.emmet, startup: false, activationEvent: 'onStartupFinished'
2023-03-23 16:20:25.505 [info] ExtensionService#_doActivateExtension vscode.merge-conflict, startup: false, activationEvent: 'onStartupFinished'
2023-03-23 16:20:25.505 [info] Eager extensions activated
2023-03-23 16:20:28.008 [info] ExtensionService#_doActivateExtension ms-vscode.js-debug, startup: false, activationEvent: 'onDebugInitialConfigurations'
2023-03-23 16:20:30.129 [info] ExtensionService#_doActivateExtension vscode.debug-server-ready, startup: false, activationEvent: 'onDebugResolve'
2023-03-23 16:20:58.096 [info] ExtensionService#_doActivateExtension ms-toolsai.jupyter, startup: false, activationEvent: 'onLanguage:python'
2023-03-23 16:20:58.097 [info] ExtensionService#_doActivateExtension ms-python.python, startup: false, activationEvent: 'onDebugInitialConfigurations'
2023-03-23 16:20:59.062 [info] ExtensionService#_doActivateExtension ms-toolsai.jupyter-renderers, startup: false, activationEvent: 'api', root cause: ms-toolsai.jupyter
2023-03-23 16:20:59.630 [info] ExtensionService#_doActivateExtension ms-python.isort, startup: false, activationEvent: 'onLanguage:python'
2023-03-23 16:21:07.049 [info] ExtensionService#_doActivateExtension vscode.extension-editing, startup: false, activationEvent: 'onLanguage:markdown'
2023-03-23 16:21:07.050 [info] ExtensionService#_doActivateExtension vscode.markdown-language-features, startup: false, activationEvent: 'onLanguage:markdown'
2023-03-23 16:27:54.125 [error] {"message":"Git error","stdout":"","stderr":"fatal: pathspec '/root/capsule/results/Burgers_0.pth' is beyond a symbolic link\n","exitCode":128}
2023-03-23 16:27:54.125 [error] {"message":"Git error","stdout":"","stderr":"fatal: pathspec '/root/capsule/results/Burgers_0.pth' is beyond a symbolic link\n","exitCode":128}
2023-03-23 16:27:55.126 [error] {"message":"Git error","stdout":"","stderr":"fatal: pathspec '/root/capsule/results/Burgers_0.pth' is beyond a symbolic link\n","exitCode":128}
2023-03-23 16:27:55.127 [error] {"message":"Git error","stdout":"","stderr":"fatal: pathspec '/root/capsule/results/Burgers_0.pth' is beyond a symbolic link\n","exitCode":128}
2023-03-23 16:27:59.427 [info] ExtensionService#_doActivateExtension vscode.ipynb, startup: false, activationEvent: 'onNotebook:jupyter-notebook}'
2023-03-23 16:27:59.895 [info] ExtensionService#_doActivateExtension ms-toolsai.vscode-jupyter-cell-tags, startup: false, activationEvent: 'onNotebook:jupyter-notebook'
2023-03-23 16:27:59.895 [info] ExtensionService#_doActivateExtension ms-toolsai.vscode-jupyter-slideshow, startup: false, activationEvent: 'onNotebook:jupyter-notebook'
2023-03-23 16:30:50.165 [error] {"message":"Git error","stdout":"","stderr":"fatal: pathspec '/root/capsule/results/loss_landscape_Burgers_1_.png' is beyond a symbolic link\n","exitCode":128}
2023-03-23 16:30:50.165 [error] {"message":"Git error","stdout":"","stderr":"fatal: pathspec '/root/capsule/results/loss_landscape_Burgers_1_.png' is beyond a symbolic link\n","exitCode":128}
2023-03-23 16:30:51.166 [error] {"message":"Git error","stdout":"","stderr":"fatal: pathspec '/root/capsule/results/loss_landscape_Burgers_1_.png' is beyond a symbolic link\n","exitCode":128}
2023-03-23 16:30:51.167 [error] {"message":"Git error","stdout":"","stderr":"fatal: pathspec '/root/capsule/results/loss_landscape_Burgers_1_.png' is beyond a symbolic link\n","exitCode":128}
2023-03-23 16:30:54.374 [info] ExtensionService#_doActivateExtension vscode.media-preview, startup: false, activationEvent: 'onCustomEditor:imagePreview.previewEditor'
2023-03-23 16:34:03.591 [error] [ms-python.python] provider FAILED
2023-03-23 16:34:03.591 [error] Error: UnboundLocalError: local variable 'end_index' referenced before assignment
	at /.vscode/extensions/ms-python.python-2022.18.2-universal/out/client/extension.js:2:1716502
	at /.vscode/extensions/ms-python.python-2022.18.2-universal/out/client/extension.js:2:1716796
	at Immediate.<anonymous> (/.vscode/extensions/ms-python.python-2022.18.2-universal/out/client/extension.js:2:1717158)
	at processImmediate (node:internal/timers:466:21)
2023-03-23 16:37:32.867 [error] {"message":"Git error","stdout":"","stderr":"fatal: pathspec '/root/capsule/results/loss_landscape_Burgers_0.png' is beyond a symbolic link\n","exitCode":128}
2023-03-23 16:37:32.867 [error] {"message":"Git error","stdout":"","stderr":"fatal: pathspec '/root/capsule/results/loss_landscape_Burgers_0.png' is beyond a symbolic link\n","exitCode":128}
2023-03-23 16:37:32.867 [error] {"message":"Git error","stdout":"","stderr":"fatal: pathspec '/root/capsule/results/loss_landscape_Burgers_0.png' is beyond a symbolic link\n","exitCode":128}
2023-03-23 16:37:33.867 [error] {"message":"Git error","stdout":"","stderr":"fatal: pathspec '/root/capsule/results/loss_landscape_Burgers_0.png' is beyond a symbolic link\n","exitCode":128}
2023-03-23 16:37:33.868 [error] {"message":"Git error","stdout":"","stderr":"fatal: pathspec '/root/capsule/results/loss_landscape_Burgers_0.png' is beyond a symbolic link\n","exitCode":128}
2023-03-23 16:37:33.868 [error] {"message":"Git error","stdout":"","stderr":"fatal: pathspec '/root/capsule/results/loss_landscape_Burgers_0.png' is beyond a symbolic link\n","exitCode":128}
2023-03-23 17:25:58.464 [info] Extension host terminating: parent process 33 does not exist anymore: kill ESRCH (code: ESRCH) (errno: -3)
2023-03-23 17:25:58.468 [info] Lock '/root/capsule/code/.vscode/User/workspaceStorage/-b8cdb6d/vscode.lock': Marking the lockfile as scheduled to be released in 6000 ms.
2023-03-23 17:25:58.545 [info] Extension host with pid 90 exiting with code 0
